Started GET "/" for 127.0.0.1 at 2018-10-30 22:20:27 +0700
Processing by ConstructingController#index as HTML
  Rendering constructing/index.html.erb within layouts/application
  Rendered constructing/index.html.erb within layouts/application (0.7ms)
Completed 200 OK in 3137ms (Views: 3132.9ms)


Started GET "/" for 127.0.0.1 at 2018-10-30 22:21:21 +0700
Processing by ConstructingController#index as HTML
  Rendering constructing/index.html.erb within layouts/application
  Rendered constructing/index.html.erb within layouts/application (0.2ms)
[Webpacker] Compiling…
[Webpacker] Compiled all packs in /home/nyanhacker/Dropbox/Workspace/Programming/Ruby/Terminal-In-React-In-Rails/public/packs
Completed 200 OK in 1726ms (Views: 1725.4ms)


Started GET "/" for 127.0.0.1 at 2018-10-30 22:25:43 +0700
Processing by ConstructingController#index as HTML
  Rendering constructing/index.html.erb within layouts/application
  Rendered constructing/index.html.erb within layouts/application (0.6ms)
[Webpacker] Compiling…
[Webpacker] Compiled all packs in /home/nyanhacker/Dropbox/Workspace/Programming/Ruby/Terminal-In-React-In-Rails/public/packs
Completed 200 OK in 2621ms (Views: 2617.0ms)


Started GET "/" for 127.0.0.1 at 2018-10-31 04:46:25 +0700
Processing by ConstructingController#index as HTML
  Rendering constructing/index.html.erb within layouts/application
  Rendered constructing/index.html.erb within layouts/application (0.4ms)
[Webpacker] Compiling…
[Webpacker] Compiled all packs in /home/nyanhacker/Dropbox/Workspace/Programming/Ruby/Terminal-In-React-In-Rails/public/packs
Completed 200 OK in 3017ms (Views: 3013.1ms)


Started GET "/" for 127.0.0.1 at 2018-10-31 04:47:35 +0700
Processing by ConstructingController#index as HTML
  Rendering constructing/index.html.erb within layouts/application
  Rendered constructing/index.html.erb within layouts/application (0.5ms)
[Webpacker] Compiling…
[Webpacker] Compiled all packs in /home/nyanhacker/Dropbox/Workspace/Programming/Ruby/Terminal-In-React-In-Rails/public/packs
Completed 200 OK in 2601ms (Views: 2597.4ms)


Started GET "/" for 127.0.0.1 at 2018-10-31 04:48:32 +0700
Processing by ConstructingController#index as HTML
  Rendering constructing/index.html.erb within layouts/application
  Rendered constructing/index.html.erb within layouts/application (0.5ms)
[Webpacker] Compiling…
[Webpacker] Compiled all packs in /home/nyanhacker/Dropbox/Workspace/Programming/Ruby/Terminal-In-React-In-Rails/public/packs
Completed 200 OK in 1591ms (Views: 1590.2ms)


Started GET "/" for 127.0.0.1 at 2018-10-31 04:48:48 +0700
Processing by ConstructingController#index as HTML
  Rendering constructing/index.html.erb within layouts/application
  Rendered constructing/index.html.erb within layouts/application (0.3ms)
[Webpacker] Compiling…
[Webpacker] Compiled all packs in /home/nyanhacker/Dropbox/Workspace/Programming/Ruby/Terminal-In-React-In-Rails/public/packs
Completed 200 OK in 2046ms (Views: 2044.9ms)


Started GET "/" for 127.0.0.1 at 2018-10-31 04:54:08 +0700
Processing by ConstructingController#index as HTML
  Rendering constructing/index.html.erb within layouts/application
  Rendered constructing/index.html.erb within layouts/application (0.4ms)
[Webpacker] Compiling…
[Webpacker] Compiled all packs in /home/nyanhacker/Dropbox/Workspace/Programming/Ruby/Terminal-In-React-In-Rails/public/packs
Completed 200 OK in 2066ms (Views: 2065.4ms)


Started GET "/" for 127.0.0.1 at 2018-10-31 04:54:21 +0700
Processing by ConstructingController#index as HTML
  Rendering constructing/index.html.erb within layouts/application
  Rendered constructing/index.html.erb within layouts/application (0.9ms)
Completed 200 OK in 63ms (Views: 60.6ms)


Started GET "/" for 127.0.0.1 at 2018-10-31 04:54:54 +0700
Processing by ConstructingController#index as HTML
  Rendering constructing/index.html.erb within layouts/application
  Rendered constructing/index.html.erb within layouts/application (0.3ms)
[Webpacker] Compiling…
[Webpacker] Compiled all packs in /home/nyanhacker/Dropbox/Workspace/Programming/Ruby/Terminal-In-React-In-Rails/public/packs
Completed 200 OK in 2101ms (Views: 2100.6ms)


Started GET "/" for 127.0.0.1 at 2018-10-31 04:55:13 +0700
Processing by ConstructingController#index as HTML
  Rendering constructing/index.html.erb within layouts/application
  Rendered constructing/index.html.erb within layouts/application (0.3ms)
Completed 200 OK in 20ms (Views: 19.5ms)


Started GET "/" for 127.0.0.1 at 2018-10-31 15:37:19 +0700
Processing by ConstructingController#index as HTML
  Rendering constructing/index.html.erb within layouts/application
  Rendered constructing/index.html.erb within layouts/application (0.7ms)
Completed 200 OK in 906ms (Views: 901.6ms)


Started GET "/" for 127.0.0.1 at 2018-10-31 15:39:23 +0700
Processing by ConstructingController#index as HTML
  Rendering constructing/index.html.erb within layouts/application
  Rendered constructing/index.html.erb within layouts/application (0.4ms)
[Webpacker] Compiling…
[Webpacker] Compiled all packs in /home/nyanhacker/Dropbox/Workspace/Programming/Ruby/Terminal-In-React-In-Rails/public/packs
Completed 200 OK in 2578ms (Views: 2577.2ms)


Started GET "/" for 127.0.0.1 at 2018-10-31 15:40:08 +0700
Processing by ConstructingController#index as HTML
  Rendering constructing/index.html.erb within layouts/application
  Rendered constructing/index.html.erb within layouts/application (0.4ms)
[Webpacker] Compiling…
[Webpacker] Compiled all packs in /home/nyanhacker/Dropbox/Workspace/Programming/Ruby/Terminal-In-React-In-Rails/public/packs
Completed 200 OK in 2191ms (Views: 2190.1ms)


Started GET "/" for 127.0.0.1 at 2018-10-31 15:40:49 +0700
Processing by ConstructingController#index as HTML
  Rendering constructing/index.html.erb within layouts/application
  Rendered constructing/index.html.erb within layouts/application (0.5ms)
[Webpacker] Compiling…
[Webpacker] Compiled all packs in /home/nyanhacker/Dropbox/Workspace/Programming/Ruby/Terminal-In-React-In-Rails/public/packs
Completed 200 OK in 2179ms (Views: 2177.9ms)


Started GET "/" for 127.0.0.1 at 2018-10-31 15:41:39 +0700
Processing by ConstructingController#index as HTML
  Rendering constructing/index.html.erb within layouts/application
  Rendered constructing/index.html.erb within layouts/application (0.4ms)
[Webpacker] Compiling…
[Webpacker] Compiled all packs in /home/nyanhacker/Dropbox/Workspace/Programming/Ruby/Terminal-In-React-In-Rails/public/packs
Completed 200 OK in 2095ms (Views: 2094.3ms)


Started GET "/" for 127.0.0.1 at 2018-10-31 15:44:01 +0700
Processing by ConstructingController#index as HTML
  Rendering constructing/index.html.erb within layouts/application
  Rendered constructing/index.html.erb within layouts/application (0.6ms)
[Webpacker] Compiling…
[Webpacker] Compiled all packs in /home/nyanhacker/Dropbox/Workspace/Programming/Ruby/Terminal-In-React-In-Rails/public/packs
Completed 200 OK in 2097ms (Views: 2096.3ms)


Started GET "/" for 127.0.0.1 at 2018-10-31 15:44:51 +0700
Processing by ConstructingController#index as HTML
  Rendering constructing/index.html.erb within layouts/application
  Rendered constructing/index.html.erb within layouts/application (0.4ms)
[Webpacker] Compiling…
[Webpacker] Compiled all packs in /home/nyanhacker/Dropbox/Workspace/Programming/Ruby/Terminal-In-React-In-Rails/public/packs
Completed 200 OK in 2173ms (Views: 2172.3ms)


Started GET "/" for 127.0.0.1 at 2018-10-31 15:45:07 +0700
Processing by ConstructingController#index as HTML
  Rendering constructing/index.html.erb within layouts/application
  Rendered constructing/index.html.erb within layouts/application (0.3ms)
[Webpacker] Compiling…
[Webpacker] Compiled all packs in /home/nyanhacker/Dropbox/Workspace/Programming/Ruby/Terminal-In-React-In-Rails/public/packs
Completed 200 OK in 2113ms (Views: 2112.0ms)


Started GET "/" for 127.0.0.1 at 2018-10-31 15:45:43 +0700
Processing by ConstructingController#index as HTML
  Rendering constructing/index.html.erb within layouts/application
  Rendered constructing/index.html.erb within layouts/application (0.5ms)
[Webpacker] Compiling…
[Webpacker] Compiled all packs in /home/nyanhacker/Dropbox/Workspace/Programming/Ruby/Terminal-In-React-In-Rails/public/packs
Completed 200 OK in 2135ms (Views: 2134.2ms)


Started GET "/" for 127.0.0.1 at 2018-10-31 15:46:01 +0700
Processing by ConstructingController#index as HTML
  Rendering constructing/index.html.erb within layouts/application
  Rendered constructing/index.html.erb within layouts/application (0.4ms)
[Webpacker] Compiling…
[Webpacker] Compiled all packs in /home/nyanhacker/Dropbox/Workspace/Programming/Ruby/Terminal-In-React-In-Rails/public/packs
Completed 200 OK in 1658ms (Views: 1657.4ms)


Started GET "/" for 127.0.0.1 at 2018-10-31 15:46:08 +0700
Processing by ConstructingController#index as HTML
  Rendering constructing/index.html.erb within layouts/application
  Rendered constructing/index.html.erb within layouts/application (0.5ms)
[Webpacker] Compiling…
[Webpacker] Compiled all packs in /home/nyanhacker/Dropbox/Workspace/Programming/Ruby/Terminal-In-React-In-Rails/public/packs
Completed 200 OK in 1606ms (Views: 1605.3ms)


Started GET "/" for 127.0.0.1 at 2018-10-31 15:46:21 +0700
Processing by ConstructingController#index as HTML
  Rendering constructing/index.html.erb within layouts/application
  Rendered constructing/index.html.erb within layouts/application (0.4ms)
[Webpacker] Compiling…
[Webpacker] Compiled all packs in /home/nyanhacker/Dropbox/Workspace/Programming/Ruby/Terminal-In-React-In-Rails/public/packs
Completed 200 OK in 1603ms (Views: 1602.3ms)


Started GET "/" for 127.0.0.1 at 2018-10-31 15:46:32 +0700
Processing by ConstructingController#index as HTML
  Rendering constructing/index.html.erb within layouts/application
  Rendered constructing/index.html.erb within layouts/application (0.4ms)
[Webpacker] Compiling…
[Webpacker] Compiled all packs in /home/nyanhacker/Dropbox/Workspace/Programming/Ruby/Terminal-In-React-In-Rails/public/packs
Completed 200 OK in 1608ms (Views: 1606.8ms)


Started GET "/" for 127.0.0.1 at 2018-10-31 15:46:38 +0700
Processing by ConstructingController#index as HTML
  Rendering constructing/index.html.erb within layouts/application
  Rendered constructing/index.html.erb within layouts/application (0.5ms)
[Webpacker] Compiling…
[Webpacker] Compiled all packs in /home/nyanhacker/Dropbox/Workspace/Programming/Ruby/Terminal-In-React-In-Rails/public/packs
Completed 200 OK in 2058ms (Views: 2056.7ms)


Started GET "/" for 127.0.0.1 at 2018-10-31 15:48:12 +0700
Processing by ConstructingController#index as HTML
  Rendering constructing/index.html.erb within layouts/application
  Rendered constructing/index.html.erb within layouts/application (0.3ms)
[Webpacker] Compiling…
[Webpacker] Compiled all packs in /home/nyanhacker/Dropbox/Workspace/Programming/Ruby/Terminal-In-React-In-Rails/public/packs
Completed 200 OK in 1625ms (Views: 1623.9ms)


Started GET "/" for 127.0.0.1 at 2018-10-31 15:48:25 +0700
Processing by ConstructingController#index as HTML
  Rendering constructing/index.html.erb within layouts/application
  Rendered constructing/index.html.erb within layouts/application (0.4ms)
[Webpacker] Compiling…
[Webpacker] Compiled all packs in /home/nyanhacker/Dropbox/Workspace/Programming/Ruby/Terminal-In-React-In-Rails/public/packs
Completed 200 OK in 1947ms (Views: 1945.9ms)


Started GET "/" for 127.0.0.1 at 2018-10-31 15:48:40 +0700
Processing by ConstructingController#index as HTML
  Rendering constructing/index.html.erb within layouts/application
  Rendered constructing/index.html.erb within layouts/application (0.4ms)
[Webpacker] Compiling…
[Webpacker] Compiled all packs in /home/nyanhacker/Dropbox/Workspace/Programming/Ruby/Terminal-In-React-In-Rails/public/packs
Completed 200 OK in 1946ms (Views: 1940.2ms)


Started GET "/" for 127.0.0.1 at 2018-10-31 15:49:26 +0700
Processing by ConstructingController#index as HTML
  Rendering constructing/index.html.erb within layouts/application
  Rendered constructing/index.html.erb within layouts/application (0.4ms)
[Webpacker] Compiling…
[Webpacker] Compiled all packs in /home/nyanhacker/Dropbox/Workspace/Programming/Ruby/Terminal-In-React-In-Rails/public/packs
Completed 200 OK in 1645ms (Views: 1644.2ms)


Started GET "/" for 127.0.0.1 at 2018-10-31 15:49:39 +0700
Processing by ConstructingController#index as HTML
  Rendering constructing/index.html.erb within layouts/application
  Rendered constructing/index.html.erb within layouts/application (0.3ms)
Completed 200 OK in 28ms (Views: 27.4ms)


Started GET "/" for 127.0.0.1 at 2018-10-31 15:50:00 +0700
Processing by ConstructingController#index as HTML
  Rendering constructing/index.html.erb within layouts/application
  Rendered constructing/index.html.erb within layouts/application (0.6ms)
[Webpacker] Compiling…
[Webpacker] Compiled all packs in /home/nyanhacker/Dropbox/Workspace/Programming/Ruby/Terminal-In-React-In-Rails/public/packs
Completed 200 OK in 1651ms (Views: 1649.9ms)


Started GET "/" for 127.0.0.1 at 2018-10-31 15:50:06 +0700
Processing by ConstructingController#index as HTML
  Rendering constructing/index.html.erb within layouts/application
  Rendered constructing/index.html.erb within layouts/application (0.4ms)
[Webpacker] Compiling…
[Webpacker] Compiled all packs in /home/nyanhacker/Dropbox/Workspace/Programming/Ruby/Terminal-In-React-In-Rails/public/packs
Completed 200 OK in 1565ms (Views: 1563.4ms)


Started GET "/" for 127.0.0.1 at 2018-10-31 15:51:20 +0700
Processing by ConstructingController#index as HTML
  Rendering constructing/index.html.erb within layouts/application
  Rendered constructing/index.html.erb within layouts/application (0.5ms)
[Webpacker] Compiling…
[Webpacker] Compiled all packs in /home/nyanhacker/Dropbox/Workspace/Programming/Ruby/Terminal-In-React-In-Rails/public/packs
Completed 200 OK in 2157ms (Views: 2156.3ms)


Started GET "/" for 127.0.0.1 at 2018-10-31 15:54:24 +0700
Processing by ConstructingController#index as HTML
  Rendering constructing/index.html.erb within layouts/application
  Rendered constructing/index.html.erb within layouts/application (0.4ms)
[Webpacker] Compiling…
[Webpacker] Compiled all packs in /home/nyanhacker/Dropbox/Workspace/Programming/Ruby/Terminal-In-React-In-Rails/public/packs
Completed 200 OK in 1622ms (Views: 1620.7ms)


Started GET "/" for 127.0.0.1 at 2018-10-31 15:54:32 +0700
Processing by ConstructingController#index as HTML
  Rendering constructing/index.html.erb within layouts/application
  Rendered constructing/index.html.erb within layouts/application (0.4ms)
[Webpacker] Compiling…
[Webpacker] Compiled all packs in /home/nyanhacker/Dropbox/Workspace/Programming/Ruby/Terminal-In-React-In-Rails/public/packs
Completed 200 OK in 1586ms (Views: 1584.8ms)


Started GET "/" for 127.0.0.1 at 2018-10-31 15:54:51 +0700
Processing by ConstructingController#index as HTML
  Rendering constructing/index.html.erb within layouts/application
  Rendered constructing/index.html.erb within layouts/application (0.4ms)
[Webpacker] Compiling…
[Webpacker] Compiled all packs in /home/nyanhacker/Dropbox/Workspace/Programming/Ruby/Terminal-In-React-In-Rails/public/packs
Completed 200 OK in 2017ms (Views: 2016.0ms)


Started GET "/" for 127.0.0.1 at 2018-10-31 15:55:09 +0700
Processing by ConstructingController#index as HTML
  Rendering constructing/index.html.erb within layouts/application
  Rendered constructing/index.html.erb within layouts/application (0.5ms)
[Webpacker] Compiling…
[Webpacker] Compiled all packs in /home/nyanhacker/Dropbox/Workspace/Programming/Ruby/Terminal-In-React-In-Rails/public/packs
Completed 200 OK in 1562ms (Views: 1561.3ms)


Started GET "/" for 127.0.0.1 at 2018-10-31 15:55:34 +0700
Processing by ConstructingController#index as HTML
  Rendering constructing/index.html.erb within layouts/application
  Rendered constructing/index.html.erb within layouts/application (0.4ms)
[Webpacker] Compiling…
[Webpacker] Compiled all packs in /home/nyanhacker/Dropbox/Workspace/Programming/Ruby/Terminal-In-React-In-Rails/public/packs
Completed 200 OK in 1588ms (Views: 1587.4ms)


Started GET "/" for 127.0.0.1 at 2018-10-31 15:55:45 +0700
Processing by ConstructingController#index as HTML
  Rendering constructing/index.html.erb within layouts/application
  Rendered constructing/index.html.erb within layouts/application (0.4ms)
[Webpacker] Compiling…
[Webpacker] Compiled all packs in /home/nyanhacker/Dropbox/Workspace/Programming/Ruby/Terminal-In-React-In-Rails/public/packs
Completed 200 OK in 1676ms (Views: 1674.7ms)


Started GET "/" for 127.0.0.1 at 2018-10-31 15:56:00 +0700
Processing by ConstructingController#index as HTML
  Rendering constructing/index.html.erb within layouts/application
  Rendered constructing/index.html.erb within layouts/application (0.6ms)
[Webpacker] Compiling…
[Webpacker] Compiled all packs in /home/nyanhacker/Dropbox/Workspace/Programming/Ruby/Terminal-In-React-In-Rails/public/packs
Completed 200 OK in 2135ms (Views: 2134.3ms)


Started GET "/" for 127.0.0.1 at 2018-10-31 15:56:24 +0700
Processing by ConstructingController#index as HTML
  Rendering constructing/index.html.erb within layouts/application
  Rendered constructing/index.html.erb within layouts/application (1.0ms)
Completed 200 OK in 40ms (Views: 37.5ms)


Started GET "/" for 127.0.0.1 at 2018-10-31 15:56:35 +0700
Processing by ConstructingController#index as HTML
  Rendering constructing/index.html.erb within layouts/application
  Rendered constructing/index.html.erb within layouts/application (0.6ms)
Completed 200 OK in 39ms (Views: 37.8ms)


Started GET "/" for 127.0.0.1 at 2018-10-31 15:58:20 +0700
Processing by ConstructingController#index as HTML
  Rendering constructing/index.html.erb within layouts/application
  Rendered constructing/index.html.erb within layouts/application (0.4ms)
[Webpacker] Compiling…
[Webpacker] Compiled all packs in /home/nyanhacker/Dropbox/Workspace/Programming/Ruby/Terminal-In-React-In-Rails/public/packs
Completed 200 OK in 2170ms (Views: 2169.6ms)


Started GET "/" for 127.0.0.1 at 2018-10-31 15:59:37 +0700
Processing by ConstructingController#index as HTML
  Rendering constructing/index.html.erb within layouts/application
  Rendered constructing/index.html.erb within layouts/application (0.4ms)
[Webpacker] Compiling…
[Webpacker] Compiled all packs in /home/nyanhacker/Dropbox/Workspace/Programming/Ruby/Terminal-In-React-In-Rails/public/packs
Completed 200 OK in 2155ms (Views: 2154.0ms)


Started GET "/" for 127.0.0.1 at 2018-10-31 16:02:02 +0700
Processing by ConstructingController#index as HTML
  Rendering constructing/index.html.erb within layouts/application
  Rendered constructing/index.html.erb within layouts/application (0.4ms)
[Webpacker] Compiling…
[Webpacker] Compiled all packs in /home/nyanhacker/Dropbox/Workspace/Programming/Ruby/Terminal-In-React-In-Rails/public/packs
Completed 200 OK in 2146ms (Views: 2145.2ms)


Started GET "/" for 127.0.0.1 at 2018-10-31 16:03:37 +0700
Processing by ConstructingController#index as HTML
  Rendering constructing/index.html.erb within layouts/application
  Rendered constructing/index.html.erb within layouts/application (0.4ms)
[Webpacker] Compiling…
[Webpacker] Compiled all packs in /home/nyanhacker/Dropbox/Workspace/Programming/Ruby/Terminal-In-React-In-Rails/public/packs
Completed 200 OK in 2120ms (Views: 2118.9ms)


Started GET "/" for 127.0.0.1 at 2018-10-31 16:05:28 +0700
Processing by ConstructingController#index as HTML
  Rendering constructing/index.html.erb within layouts/application
  Rendered constructing/index.html.erb within layouts/application (0.4ms)
[Webpacker] Compiling…
[Webpacker] Compiled all packs in /home/nyanhacker/Dropbox/Workspace/Programming/Ruby/Terminal-In-React-In-Rails/public/packs
Completed 200 OK in 2081ms (Views: 2080.0ms)


Started GET "/" for 127.0.0.1 at 2018-10-31 16:05:42 +0700
Processing by ConstructingController#index as HTML
  Rendering constructing/index.html.erb within layouts/application
  Rendered constructing/index.html.erb within layouts/application (0.5ms)
[Webpacker] Compiling…
[Webpacker] Compiled all packs in /home/nyanhacker/Dropbox/Workspace/Programming/Ruby/Terminal-In-React-In-Rails/public/packs
Completed 200 OK in 2187ms (Views: 2186.5ms)


Started GET "/" for 127.0.0.1 at 2018-10-31 16:06:56 +0700
Processing by ConstructingController#index as HTML
  Rendering constructing/index.html.erb within layouts/application
  Rendered constructing/index.html.erb within layouts/application (0.4ms)
[Webpacker] Compiling…
[Webpacker] Compiled all packs in /home/nyanhacker/Dropbox/Workspace/Programming/Ruby/Terminal-In-React-In-Rails/public/packs
Completed 200 OK in 2174ms (Views: 2173.1ms)


Started GET "/" for 127.0.0.1 at 2018-10-31 16:07:15 +0700
Processing by ConstructingController#index as HTML
  Rendering constructing/index.html.erb within layouts/application
  Rendered constructing/index.html.erb within layouts/application (0.6ms)
Completed 200 OK in 29ms (Views: 27.5ms)


Started GET "/" for 127.0.0.1 at 2018-10-31 16:08:09 +0700
Processing by ConstructingController#index as HTML
  Rendering constructing/index.html.erb within layouts/application
  Rendered constructing/index.html.erb within layouts/application (0.5ms)
[Webpacker] Compiling…
[Webpacker] Compiled all packs in /home/nyanhacker/Dropbox/Workspace/Programming/Ruby/Terminal-In-React-In-Rails/public/packs
Completed 200 OK in 1713ms (Views: 1712.6ms)


Started GET "/" for 127.0.0.1 at 2018-10-31 16:08:27 +0700
Processing by ConstructingController#index as HTML
  Rendering constructing/index.html.erb within layouts/application
  Rendered constructing/index.html.erb within layouts/application (0.5ms)
[Webpacker] Compiling…
[Webpacker] Compiled all packs in /home/nyanhacker/Dropbox/Workspace/Programming/Ruby/Terminal-In-React-In-Rails/public/packs
Completed 200 OK in 2118ms (Views: 2116.6ms)


Started GET "/" for 127.0.0.1 at 2018-10-31 16:08:50 +0700
Processing by ConstructingController#index as HTML
  Rendering constructing/index.html.erb within layouts/application
  Rendered constructing/index.html.erb within layouts/application (0.4ms)
[Webpacker] Compiling…
[Webpacker] Compiled all packs in /home/nyanhacker/Dropbox/Workspace/Programming/Ruby/Terminal-In-React-In-Rails/public/packs
Completed 200 OK in 1565ms (Views: 1563.8ms)


Started GET "/" for 127.0.0.1 at 2018-10-31 16:08:57 +0700
Processing by ConstructingController#index as HTML
  Rendering constructing/index.html.erb within layouts/application
  Rendered constructing/index.html.erb within layouts/application (0.6ms)
[Webpacker] Compiling…
[Webpacker] Compiled all packs in /home/nyanhacker/Dropbox/Workspace/Programming/Ruby/Terminal-In-React-In-Rails/public/packs
Completed 200 OK in 1582ms (Views: 1580.7ms)


Started GET "/" for 127.0.0.1 at 2018-10-31 16:09:05 +0700
Processing by ConstructingController#index as HTML
  Rendering constructing/index.html.erb within layouts/application
  Rendered constructing/index.html.erb within layouts/application (0.4ms)
[Webpacker] Compiling…
[Webpacker] Compiled all packs in /home/nyanhacker/Dropbox/Workspace/Programming/Ruby/Terminal-In-React-In-Rails/public/packs
Completed 200 OK in 2132ms (Views: 2131.3ms)


Started GET "/" for 127.0.0.1 at 2018-10-31 16:10:17 +0700
Processing by ConstructingController#index as HTML
  Rendering constructing/index.html.erb within layouts/application
  Rendered constructing/index.html.erb within layouts/application (0.5ms)
[Webpacker] Compiling…
[Webpacker] Compiled all packs in /home/nyanhacker/Dropbox/Workspace/Programming/Ruby/Terminal-In-React-In-Rails/public/packs
Completed 200 OK in 2158ms (Views: 2156.7ms)


Started GET "/" for 127.0.0.1 at 2018-10-31 16:10:57 +0700
Processing by ConstructingController#index as HTML
  Rendering constructing/index.html.erb within layouts/application
  Rendered constructing/index.html.erb within layouts/application (0.5ms)
[Webpacker] Compiling…
[Webpacker] Compiled all packs in /home/nyanhacker/Dropbox/Workspace/Programming/Ruby/Terminal-In-React-In-Rails/public/packs
Completed 200 OK in 1605ms (Views: 1604.1ms)


Started GET "/" for 127.0.0.1 at 2018-10-31 16:11:07 +0700
Processing by ConstructingController#index as HTML
  Rendering constructing/index.html.erb within layouts/application
  Rendered constructing/index.html.erb within layouts/application (0.5ms)
[Webpacker] Compiling…
[Webpacker] Compiled all packs in /home/nyanhacker/Dropbox/Workspace/Programming/Ruby/Terminal-In-React-In-Rails/public/packs
Completed 200 OK in 1619ms (Views: 1618.3ms)


Started GET "/" for 127.0.0.1 at 2018-10-31 16:11:51 +0700
Processing by ConstructingController#index as HTML
  Rendering constructing/index.html.erb within layouts/application
  Rendered constructing/index.html.erb within layouts/application (0.6ms)
[Webpacker] Compiling…
[Webpacker] Compiled all packs in /home/nyanhacker/Dropbox/Workspace/Programming/Ruby/Terminal-In-React-In-Rails/public/packs
Completed 200 OK in 2153ms (Views: 2151.8ms)


Started GET "/" for 127.0.0.1 at 2018-10-31 16:12:15 +0700
Processing by ConstructingController#index as HTML
  Rendering constructing/index.html.erb within layouts/application
  Rendered constructing/index.html.erb within layouts/application (0.5ms)
[Webpacker] Compiling…
[Webpacker] Compiled all packs in /home/nyanhacker/Dropbox/Workspace/Programming/Ruby/Terminal-In-React-In-Rails/public/packs
Completed 200 OK in 2152ms (Views: 2151.3ms)


Started GET "/" for 127.0.0.1 at 2018-10-31 16:12:36 +0700
Processing by ConstructingController#index as HTML
  Rendering constructing/index.html.erb within layouts/application
  Rendered constructing/index.html.erb within layouts/application (0.6ms)
[Webpacker] Compiling…
[Webpacker] Compiled all packs in /home/nyanhacker/Dropbox/Workspace/Programming/Ruby/Terminal-In-React-In-Rails/public/packs
Completed 200 OK in 2144ms (Views: 2143.4ms)


Started GET "/" for 127.0.0.1 at 2018-10-31 16:13:03 +0700
Processing by ConstructingController#index as HTML
  Rendering constructing/index.html.erb within layouts/application
  Rendered constructing/index.html.erb within layouts/application (0.4ms)
[Webpacker] Compiling…
[Webpacker] Compiled all packs in /home/nyanhacker/Dropbox/Workspace/Programming/Ruby/Terminal-In-React-In-Rails/public/packs
Completed 200 OK in 2126ms (Views: 2125.1ms)


Started GET "/" for 127.0.0.1 at 2018-10-31 16:13:53 +0700
Processing by ConstructingController#index as HTML
  Rendering constructing/index.html.erb within layouts/application
  Rendered constructing/index.html.erb within layouts/application (0.5ms)
[Webpacker] Compiling…
[Webpacker] Compiled all packs in /home/nyanhacker/Dropbox/Workspace/Programming/Ruby/Terminal-In-React-In-Rails/public/packs
Completed 200 OK in 2048ms (Views: 2047.0ms)


Started GET "/" for 127.0.0.1 at 2018-10-31 16:14:20 +0700
Processing by ConstructingController#index as HTML
  Rendering constructing/index.html.erb within layouts/application
  Rendered constructing/index.html.erb within layouts/application (0.6ms)
[Webpacker] Compiling…
[Webpacker] Compiled all packs in /home/nyanhacker/Dropbox/Workspace/Programming/Ruby/Terminal-In-React-In-Rails/public/packs
Completed 200 OK in 2113ms (Views: 2112.1ms)


Started GET "/" for 127.0.0.1 at 2018-10-31 16:14:45 +0700
Processing by ConstructingController#index as HTML
  Rendering constructing/index.html.erb within layouts/application
  Rendered constructing/index.html.erb within layouts/application (0.4ms)
[Webpacker] Compiling…
[Webpacker] Compiled all packs in /home/nyanhacker/Dropbox/Workspace/Programming/Ruby/Terminal-In-React-In-Rails/public/packs
Completed 200 OK in 2161ms (Views: 2159.9ms)


Started GET "/" for 127.0.0.1 at 2018-10-31 16:15:07 +0700
Processing by ConstructingController#index as HTML
  Rendering constructing/index.html.erb within layouts/application
  Rendered constructing/index.html.erb within layouts/application (0.5ms)
[Webpacker] Compiling…
[Webpacker] Compiled all packs in /home/nyanhacker/Dropbox/Workspace/Programming/Ruby/Terminal-In-React-In-Rails/public/packs
Completed 200 OK in 2059ms (Views: 2058.1ms)


Started GET "/" for 127.0.0.1 at 2018-10-31 16:18:08 +0700
Processing by ConstructingController#index as HTML
  Rendering constructing/index.html.erb within layouts/application
  Rendered constructing/index.html.erb within layouts/application (0.4ms)
[Webpacker] Compiling…
[Webpacker] Compiled all packs in /home/nyanhacker/Dropbox/Workspace/Programming/Ruby/Terminal-In-React-In-Rails/public/packs
Completed 200 OK in 2106ms (Views: 2104.9ms)


Started GET "/" for 127.0.0.1 at 2018-10-31 16:18:37 +0700
Processing by ConstructingController#index as HTML
  Rendering constructing/index.html.erb within layouts/application
  Rendered constructing/index.html.erb within layouts/application (0.6ms)
[Webpacker] Compiling…
[Webpacker] Compiled all packs in /home/nyanhacker/Dropbox/Workspace/Programming/Ruby/Terminal-In-React-In-Rails/public/packs
Completed 200 OK in 2055ms (Views: 2054.0ms)


Started GET "/" for 127.0.0.1 at 2018-10-31 16:21:46 +0700
Processing by ConstructingController#index as HTML
  Rendering constructing/index.html.erb within layouts/application
  Rendered constructing/index.html.erb within layouts/application (0.6ms)
[Webpacker] Compiling…
[Webpacker] Compiled all packs in /home/nyanhacker/Dropbox/Workspace/Programming/Ruby/Terminal-In-React-In-Rails/public/packs
Completed 200 OK in 2075ms (Views: 2074.4ms)


Started GET "/" for 127.0.0.1 at 2018-10-31 16:24:23 +0700
Processing by ConstructingController#index as HTML
  Rendering constructing/index.html.erb within layouts/application
  Rendered constructing/index.html.erb within layouts/application (0.6ms)
[Webpacker] Compiling…
[Webpacker] Compiled all packs in /home/nyanhacker/Dropbox/Workspace/Programming/Ruby/Terminal-In-React-In-Rails/public/packs
Completed 200 OK in 2140ms (Views: 2139.4ms)


Started GET "/" for 127.0.0.1 at 2018-10-31 16:25:27 +0700
Processing by ConstructingController#index as HTML
  Rendering constructing/index.html.erb within layouts/application
  Rendered constructing/index.html.erb within layouts/application (0.4ms)
[Webpacker] Compiling…
[Webpacker] Compiled all packs in /home/nyanhacker/Dropbox/Workspace/Programming/Ruby/Terminal-In-React-In-Rails/public/packs
Completed 200 OK in 2137ms (Views: 2136.6ms)


Started GET "/" for 127.0.0.1 at 2018-10-31 16:28:21 +0700
Processing by ConstructingController#index as HTML
  Rendering constructing/index.html.erb within layouts/application
  Rendered constructing/index.html.erb within layouts/application (0.4ms)
[Webpacker] Compiling…
[Webpacker] Compiled all packs in /home/nyanhacker/Dropbox/Workspace/Programming/Ruby/Terminal-In-React-In-Rails/public/packs
Completed 200 OK in 1922ms (Views: 1921.2ms)


Started GET "/" for 127.0.0.1 at 2018-10-31 16:28:38 +0700
Processing by ConstructingController#index as HTML
  Rendering constructing/index.html.erb within layouts/application
  Rendered constructing/index.html.erb within layouts/application (1.0ms)
Completed 200 OK in 45ms (Views: 42.0ms)


Started GET "/" for 127.0.0.1 at 2018-10-31 16:31:41 +0700
Processing by ConstructingController#index as HTML
  Rendering constructing/index.html.erb within layouts/application
  Rendered constructing/index.html.erb within layouts/application (0.5ms)
Completed 200 OK in 31ms (Views: 30.3ms)


Started GET "/" for 127.0.0.1 at 2018-10-31 16:31:47 +0700
Processing by ConstructingController#index as HTML
  Rendering constructing/index.html.erb within layouts/application
  Rendered constructing/index.html.erb within layouts/application (0.4ms)
Completed 200 OK in 34ms (Views: 33.7ms)


Started GET "/" for 127.0.0.1 at 2018-10-31 16:31:55 +0700
Processing by ConstructingController#index as HTML
  Rendering constructing/index.html.erb within layouts/application
  Rendered constructing/index.html.erb within layouts/application (0.6ms)
Completed 200 OK in 33ms (Views: 32.1ms)


Started GET "/" for 127.0.0.1 at 2018-10-31 16:32:01 +0700
Processing by ConstructingController#index as HTML
  Rendering constructing/index.html.erb within layouts/application
  Rendered constructing/index.html.erb within layouts/application (0.6ms)
Completed 200 OK in 32ms (Views: 31.3ms)


Started GET "/" for 127.0.0.1 at 2018-10-31 16:32:12 +0700
Processing by ConstructingController#index as HTML
  Rendering constructing/index.html.erb within layouts/application
  Rendered constructing/index.html.erb within layouts/application (0.4ms)
Completed 200 OK in 28ms (Views: 26.8ms)


Started GET "/" for 127.0.0.1 at 2018-10-31 16:32:15 +0700
Processing by ConstructingController#index as HTML
  Rendering constructing/index.html.erb within layouts/application
  Rendered constructing/index.html.erb within layouts/application (0.4ms)
Completed 200 OK in 33ms (Views: 32.3ms)


