I, [2018-10-30T22:21:57.441443 #15019]  INFO -- : [b6513133-5e39-4b1e-8a2d-51961fbb0c8d] Started GET "/" for 127.0.0.1 at 2018-10-30 22:21:57 +0700
I, [2018-10-30T22:21:57.442980 #15019]  INFO -- : [b6513133-5e39-4b1e-8a2d-51961fbb0c8d] Processing by ConstructingController#index as HTML
I, [2018-10-30T22:21:57.456166 #15019]  INFO -- : [b6513133-5e39-4b1e-8a2d-51961fbb0c8d]   Rendering constructing/index.html.erb within layouts/application
I, [2018-10-30T22:21:57.456880 #15019]  INFO -- : [b6513133-5e39-4b1e-8a2d-51961fbb0c8d]   Rendered constructing/index.html.erb within layouts/application (0.5ms)
I, [2018-10-30T22:21:57.458922 #15019]  INFO -- : [b6513133-5e39-4b1e-8a2d-51961fbb0c8d] Completed 500 Internal Server Error in 16ms
F, [2018-10-30T22:21:57.459931 #15019] FATAL -- : [b6513133-5e39-4b1e-8a2d-51961fbb0c8d]   
F, [2018-10-30T22:21:57.459998 #15019] FATAL -- : [b6513133-5e39-4b1e-8a2d-51961fbb0c8d] ActionView::Template::Error (The asset "application.css" is not present in the asset pipeline.):
F, [2018-10-30T22:21:57.460173 #15019] FATAL -- : [b6513133-5e39-4b1e-8a2d-51961fbb0c8d]      5:     <%= csrf_meta_tags %>
[b6513133-5e39-4b1e-8a2d-51961fbb0c8d]      6:     <%= csp_meta_tag %>
[b6513133-5e39-4b1e-8a2d-51961fbb0c8d]      7: 
[b6513133-5e39-4b1e-8a2d-51961fbb0c8d]      8:     <%= stylesheet_link_tag    'application', media: 'all', 'data-turbolinks-track': 'reload' %>
[b6513133-5e39-4b1e-8a2d-51961fbb0c8d]      9:     <%= javascript_include_tag 'application', 'data-turbolinks-track': 'reload' %>
[b6513133-5e39-4b1e-8a2d-51961fbb0c8d]     10:     <%= javascript_pack_tag 'application' %>
[b6513133-5e39-4b1e-8a2d-51961fbb0c8d]     11:   </head>
F, [2018-10-30T22:21:57.460220 #15019] FATAL -- : [b6513133-5e39-4b1e-8a2d-51961fbb0c8d]   
F, [2018-10-30T22:21:57.460262 #15019] FATAL -- : [b6513133-5e39-4b1e-8a2d-51961fbb0c8d] app/views/layouts/application.html.erb:8:in `_app_views_layouts_application_html_erb___2952965923599206106_69848113761040'
I, [2018-10-30T22:21:57.485156 #15019]  INFO -- : [3837655f-1493-406b-9993-bfe416f7deac] Started GET "/favicon.ico" for 127.0.0.1 at 2018-10-30 22:21:57 +0700
F, [2018-10-30T22:21:57.485665 #15019] FATAL -- : [3837655f-1493-406b-9993-bfe416f7deac]   
F, [2018-10-30T22:21:57.485710 #15019] FATAL -- : [3837655f-1493-406b-9993-bfe416f7deac] ActionController::RoutingError (No route matches [GET] "/favicon.ico"):
F, [2018-10-30T22:21:57.485737 #15019] FATAL -- : [3837655f-1493-406b-9993-bfe416f7deac]   
F, [2018-10-30T22:21:57.485771 #15019] FATAL -- : [3837655f-1493-406b-9993-bfe416f7deac] /home/nyanhacker/.bundle/ruby/2.5.0/rails-daa325b7b77d/actionpack/lib/action_dispatch/middleware/debug_exceptions.rb:65:in `call'
[3837655f-1493-406b-9993-bfe416f7deac] /home/nyanhacker/.bundle/ruby/2.5.0/rails-daa325b7b77d/actionpack/lib/action_dispatch/middleware/show_exceptions.rb:33:in `call'
[3837655f-1493-406b-9993-bfe416f7deac] /home/nyanhacker/.bundle/ruby/2.5.0/rails-daa325b7b77d/railties/lib/rails/rack/logger.rb:38:in `call_app'
[3837655f-1493-406b-9993-bfe416f7deac] /home/nyanhacker/.bundle/ruby/2.5.0/rails-daa325b7b77d/railties/lib/rails/rack/logger.rb:26:in `block in call'
[3837655f-1493-406b-9993-bfe416f7deac] /home/nyanhacker/.bundle/ruby/2.5.0/rails-daa325b7b77d/activesupport/lib/active_support/tagged_logging.rb:71:in `block in tagged'
[3837655f-1493-406b-9993-bfe416f7deac] /home/nyanhacker/.bundle/ruby/2.5.0/rails-daa325b7b77d/activesupport/lib/active_support/tagged_logging.rb:28:in `tagged'
[3837655f-1493-406b-9993-bfe416f7deac] /home/nyanhacker/.bundle/ruby/2.5.0/rails-daa325b7b77d/activesupport/lib/active_support/tagged_logging.rb:71:in `tagged'
[3837655f-1493-406b-9993-bfe416f7deac] /home/nyanhacker/.bundle/ruby/2.5.0/rails-daa325b7b77d/railties/lib/rails/rack/logger.rb:26:in `call'
[3837655f-1493-406b-9993-bfe416f7deac] /home/nyanhacker/.bundle/ruby/2.5.0/rails-daa325b7b77d/actionpack/lib/action_dispatch/middleware/remote_ip.rb:81:in `call'
[3837655f-1493-406b-9993-bfe416f7deac] /home/nyanhacker/.bundle/ruby/2.5.0/rails-daa325b7b77d/actionpack/lib/action_dispatch/middleware/request_id.rb:27:in `call'
[3837655f-1493-406b-9993-bfe416f7deac] rack (2.0.5) lib/rack/method_override.rb:22:in `call'
[3837655f-1493-406b-9993-bfe416f7deac] rack (2.0.5) lib/rack/runtime.rb:22:in `call'
[3837655f-1493-406b-9993-bfe416f7deac] /home/nyanhacker/.bundle/ruby/2.5.0/rails-daa325b7b77d/activesupport/lib/active_support/cache/strategy/local_cache_middleware.rb:29:in `call'
[3837655f-1493-406b-9993-bfe416f7deac] /home/nyanhacker/.bundle/ruby/2.5.0/rails-daa325b7b77d/actionpack/lib/action_dispatch/middleware/executor.rb:14:in `call'
[3837655f-1493-406b-9993-bfe416f7deac] rack (2.0.5) lib/rack/sendfile.rb:111:in `call'
[3837655f-1493-406b-9993-bfe416f7deac] /home/nyanhacker/.bundle/ruby/2.5.0/rails-daa325b7b77d/railties/lib/rails/engine.rb:524:in `call'
[3837655f-1493-406b-9993-bfe416f7deac] puma (3.12.0) lib/puma/configuration.rb:225:in `call'
[3837655f-1493-406b-9993-bfe416f7deac] puma (3.12.0) lib/puma/server.rb:658:in `handle_request'
[3837655f-1493-406b-9993-bfe416f7deac] puma (3.12.0) lib/puma/server.rb:472:in `process_client'
[3837655f-1493-406b-9993-bfe416f7deac] puma (3.12.0) lib/puma/server.rb:332:in `block in run'
[3837655f-1493-406b-9993-bfe416f7deac] puma (3.12.0) lib/puma/thread_pool.rb:133:in `block in spawn_thread'
I, [2018-10-30T22:22:02.273467 #15019]  INFO -- : [4d1edbda-b589-4cb2-a0ac-7f65c041eca3] Started GET "/" for 127.0.0.1 at 2018-10-30 22:22:02 +0700
I, [2018-10-30T22:22:02.273872 #15019]  INFO -- : [4d1edbda-b589-4cb2-a0ac-7f65c041eca3] Processing by ConstructingController#index as HTML
I, [2018-10-30T22:22:02.274571 #15019]  INFO -- : [4d1edbda-b589-4cb2-a0ac-7f65c041eca3]   Rendering constructing/index.html.erb within layouts/application
I, [2018-10-30T22:22:02.274651 #15019]  INFO -- : [4d1edbda-b589-4cb2-a0ac-7f65c041eca3]   Rendered constructing/index.html.erb within layouts/application (0.0ms)
I, [2018-10-30T22:22:02.275250 #15019]  INFO -- : [4d1edbda-b589-4cb2-a0ac-7f65c041eca3] Completed 500 Internal Server Error in 1ms
F, [2018-10-30T22:22:02.275670 #15019] FATAL -- : [4d1edbda-b589-4cb2-a0ac-7f65c041eca3]   
F, [2018-10-30T22:22:02.275698 #15019] FATAL -- : [4d1edbda-b589-4cb2-a0ac-7f65c041eca3] ActionView::Template::Error (The asset "application.css" is not present in the asset pipeline.):
F, [2018-10-30T22:22:02.275790 #15019] FATAL -- : [4d1edbda-b589-4cb2-a0ac-7f65c041eca3]      5:     <%= csrf_meta_tags %>
[4d1edbda-b589-4cb2-a0ac-7f65c041eca3]      6:     <%= csp_meta_tag %>
[4d1edbda-b589-4cb2-a0ac-7f65c041eca3]      7: 
[4d1edbda-b589-4cb2-a0ac-7f65c041eca3]      8:     <%= stylesheet_link_tag    'application', media: 'all', 'data-turbolinks-track': 'reload' %>
[4d1edbda-b589-4cb2-a0ac-7f65c041eca3]      9:     <%= javascript_include_tag 'application', 'data-turbolinks-track': 'reload' %>
[4d1edbda-b589-4cb2-a0ac-7f65c041eca3]     10:     <%= javascript_pack_tag 'application' %>
[4d1edbda-b589-4cb2-a0ac-7f65c041eca3]     11:   </head>
F, [2018-10-30T22:22:02.275812 #15019] FATAL -- : [4d1edbda-b589-4cb2-a0ac-7f65c041eca3]   
F, [2018-10-30T22:22:02.275834 #15019] FATAL -- : [4d1edbda-b589-4cb2-a0ac-7f65c041eca3] app/views/layouts/application.html.erb:8:in `_app_views_layouts_application_html_erb___2952965923599206106_69848113761040'
I, [2018-10-30T22:22:02.292911 #15019]  INFO -- : [5cb3339b-ce1f-42a7-b745-1d0c9b05629f] Started GET "/favicon.ico" for 127.0.0.1 at 2018-10-30 22:22:02 +0700
F, [2018-10-30T22:22:02.293394 #15019] FATAL -- : [5cb3339b-ce1f-42a7-b745-1d0c9b05629f]   
F, [2018-10-30T22:22:02.293437 #15019] FATAL -- : [5cb3339b-ce1f-42a7-b745-1d0c9b05629f] ActionController::RoutingError (No route matches [GET] "/favicon.ico"):
F, [2018-10-30T22:22:02.293466 #15019] FATAL -- : [5cb3339b-ce1f-42a7-b745-1d0c9b05629f]   
F, [2018-10-30T22:22:02.293495 #15019] FATAL -- : [5cb3339b-ce1f-42a7-b745-1d0c9b05629f] /home/nyanhacker/.bundle/ruby/2.5.0/rails-daa325b7b77d/actionpack/lib/action_dispatch/middleware/debug_exceptions.rb:65:in `call'
[5cb3339b-ce1f-42a7-b745-1d0c9b05629f] /home/nyanhacker/.bundle/ruby/2.5.0/rails-daa325b7b77d/actionpack/lib/action_dispatch/middleware/show_exceptions.rb:33:in `call'
[5cb3339b-ce1f-42a7-b745-1d0c9b05629f] /home/nyanhacker/.bundle/ruby/2.5.0/rails-daa325b7b77d/railties/lib/rails/rack/logger.rb:38:in `call_app'
[5cb3339b-ce1f-42a7-b745-1d0c9b05629f] /home/nyanhacker/.bundle/ruby/2.5.0/rails-daa325b7b77d/railties/lib/rails/rack/logger.rb:26:in `block in call'
[5cb3339b-ce1f-42a7-b745-1d0c9b05629f] /home/nyanhacker/.bundle/ruby/2.5.0/rails-daa325b7b77d/activesupport/lib/active_support/tagged_logging.rb:71:in `block in tagged'
[5cb3339b-ce1f-42a7-b745-1d0c9b05629f] /home/nyanhacker/.bundle/ruby/2.5.0/rails-daa325b7b77d/activesupport/lib/active_support/tagged_logging.rb:28:in `tagged'
[5cb3339b-ce1f-42a7-b745-1d0c9b05629f] /home/nyanhacker/.bundle/ruby/2.5.0/rails-daa325b7b77d/activesupport/lib/active_support/tagged_logging.rb:71:in `tagged'
[5cb3339b-ce1f-42a7-b745-1d0c9b05629f] /home/nyanhacker/.bundle/ruby/2.5.0/rails-daa325b7b77d/railties/lib/rails/rack/logger.rb:26:in `call'
[5cb3339b-ce1f-42a7-b745-1d0c9b05629f] /home/nyanhacker/.bundle/ruby/2.5.0/rails-daa325b7b77d/actionpack/lib/action_dispatch/middleware/remote_ip.rb:81:in `call'
[5cb3339b-ce1f-42a7-b745-1d0c9b05629f] /home/nyanhacker/.bundle/ruby/2.5.0/rails-daa325b7b77d/actionpack/lib/action_dispatch/middleware/request_id.rb:27:in `call'
[5cb3339b-ce1f-42a7-b745-1d0c9b05629f] rack (2.0.5) lib/rack/method_override.rb:22:in `call'
[5cb3339b-ce1f-42a7-b745-1d0c9b05629f] rack (2.0.5) lib/rack/runtime.rb:22:in `call'
[5cb3339b-ce1f-42a7-b745-1d0c9b05629f] /home/nyanhacker/.bundle/ruby/2.5.0/rails-daa325b7b77d/activesupport/lib/active_support/cache/strategy/local_cache_middleware.rb:29:in `call'
[5cb3339b-ce1f-42a7-b745-1d0c9b05629f] /home/nyanhacker/.bundle/ruby/2.5.0/rails-daa325b7b77d/actionpack/lib/action_dispatch/middleware/executor.rb:14:in `call'
[5cb3339b-ce1f-42a7-b745-1d0c9b05629f] rack (2.0.5) lib/rack/sendfile.rb:111:in `call'
[5cb3339b-ce1f-42a7-b745-1d0c9b05629f] /home/nyanhacker/.bundle/ruby/2.5.0/rails-daa325b7b77d/railties/lib/rails/engine.rb:524:in `call'
[5cb3339b-ce1f-42a7-b745-1d0c9b05629f] puma (3.12.0) lib/puma/configuration.rb:225:in `call'
[5cb3339b-ce1f-42a7-b745-1d0c9b05629f] puma (3.12.0) lib/puma/server.rb:658:in `handle_request'
[5cb3339b-ce1f-42a7-b745-1d0c9b05629f] puma (3.12.0) lib/puma/server.rb:472:in `process_client'
[5cb3339b-ce1f-42a7-b745-1d0c9b05629f] puma (3.12.0) lib/puma/server.rb:332:in `block in run'
[5cb3339b-ce1f-42a7-b745-1d0c9b05629f] puma (3.12.0) lib/puma/thread_pool.rb:133:in `block in spawn_thread'
I, [2018-10-30T22:22:02.632649 #15019]  INFO -- : [39bacb81-19c7-4f67-94a8-d654f96b4336] Started GET "/" for 127.0.0.1 at 2018-10-30 22:22:02 +0700
I, [2018-10-30T22:22:02.633145 #15019]  INFO -- : [39bacb81-19c7-4f67-94a8-d654f96b4336] Processing by ConstructingController#index as HTML
I, [2018-10-30T22:22:02.634045 #15019]  INFO -- : [39bacb81-19c7-4f67-94a8-d654f96b4336]   Rendering constructing/index.html.erb within layouts/application
I, [2018-10-30T22:22:02.634162 #15019]  INFO -- : [39bacb81-19c7-4f67-94a8-d654f96b4336]   Rendered constructing/index.html.erb within layouts/application (0.0ms)
I, [2018-10-30T22:22:02.635056 #15019]  INFO -- : [39bacb81-19c7-4f67-94a8-d654f96b4336] Completed 500 Internal Server Error in 2ms
F, [2018-10-30T22:22:02.635719 #15019] FATAL -- : [39bacb81-19c7-4f67-94a8-d654f96b4336]   
F, [2018-10-30T22:22:02.635769 #15019] FATAL -- : [39bacb81-19c7-4f67-94a8-d654f96b4336] ActionView::Template::Error (The asset "application.css" is not present in the asset pipeline.):
F, [2018-10-30T22:22:02.635869 #15019] FATAL -- : [39bacb81-19c7-4f67-94a8-d654f96b4336]      5:     <%= csrf_meta_tags %>
[39bacb81-19c7-4f67-94a8-d654f96b4336]      6:     <%= csp_meta_tag %>
[39bacb81-19c7-4f67-94a8-d654f96b4336]      7: 
[39bacb81-19c7-4f67-94a8-d654f96b4336]      8:     <%= stylesheet_link_tag    'application', media: 'all', 'data-turbolinks-track': 'reload' %>
[39bacb81-19c7-4f67-94a8-d654f96b4336]      9:     <%= javascript_include_tag 'application', 'data-turbolinks-track': 'reload' %>
[39bacb81-19c7-4f67-94a8-d654f96b4336]     10:     <%= javascript_pack_tag 'application' %>
[39bacb81-19c7-4f67-94a8-d654f96b4336]     11:   </head>
F, [2018-10-30T22:22:02.635910 #15019] FATAL -- : [39bacb81-19c7-4f67-94a8-d654f96b4336]   
F, [2018-10-30T22:22:02.635942 #15019] FATAL -- : [39bacb81-19c7-4f67-94a8-d654f96b4336] app/views/layouts/application.html.erb:8:in `_app_views_layouts_application_html_erb___2952965923599206106_69848113761040'
I, [2018-10-30T22:22:02.648891 #15019]  INFO -- : [72876a13-c3e7-41c2-9b2d-0ac3a09694d4] Started GET "/favicon.ico" for 127.0.0.1 at 2018-10-30 22:22:02 +0700
F, [2018-10-30T22:22:02.649397 #15019] FATAL -- : [72876a13-c3e7-41c2-9b2d-0ac3a09694d4]   
F, [2018-10-30T22:22:02.649444 #15019] FATAL -- : [72876a13-c3e7-41c2-9b2d-0ac3a09694d4] ActionController::RoutingError (No route matches [GET] "/favicon.ico"):
F, [2018-10-30T22:22:02.649474 #15019] FATAL -- : [72876a13-c3e7-41c2-9b2d-0ac3a09694d4]   
F, [2018-10-30T22:22:02.649508 #15019] FATAL -- : [72876a13-c3e7-41c2-9b2d-0ac3a09694d4] /home/nyanhacker/.bundle/ruby/2.5.0/rails-daa325b7b77d/actionpack/lib/action_dispatch/middleware/debug_exceptions.rb:65:in `call'
[72876a13-c3e7-41c2-9b2d-0ac3a09694d4] /home/nyanhacker/.bundle/ruby/2.5.0/rails-daa325b7b77d/actionpack/lib/action_dispatch/middleware/show_exceptions.rb:33:in `call'
[72876a13-c3e7-41c2-9b2d-0ac3a09694d4] /home/nyanhacker/.bundle/ruby/2.5.0/rails-daa325b7b77d/railties/lib/rails/rack/logger.rb:38:in `call_app'
[72876a13-c3e7-41c2-9b2d-0ac3a09694d4] /home/nyanhacker/.bundle/ruby/2.5.0/rails-daa325b7b77d/railties/lib/rails/rack/logger.rb:26:in `block in call'
[72876a13-c3e7-41c2-9b2d-0ac3a09694d4] /home/nyanhacker/.bundle/ruby/2.5.0/rails-daa325b7b77d/activesupport/lib/active_support/tagged_logging.rb:71:in `block in tagged'
[72876a13-c3e7-41c2-9b2d-0ac3a09694d4] /home/nyanhacker/.bundle/ruby/2.5.0/rails-daa325b7b77d/activesupport/lib/active_support/tagged_logging.rb:28:in `tagged'
[72876a13-c3e7-41c2-9b2d-0ac3a09694d4] /home/nyanhacker/.bundle/ruby/2.5.0/rails-daa325b7b77d/activesupport/lib/active_support/tagged_logging.rb:71:in `tagged'
[72876a13-c3e7-41c2-9b2d-0ac3a09694d4] /home/nyanhacker/.bundle/ruby/2.5.0/rails-daa325b7b77d/railties/lib/rails/rack/logger.rb:26:in `call'
[72876a13-c3e7-41c2-9b2d-0ac3a09694d4] /home/nyanhacker/.bundle/ruby/2.5.0/rails-daa325b7b77d/actionpack/lib/action_dispatch/middleware/remote_ip.rb:81:in `call'
[72876a13-c3e7-41c2-9b2d-0ac3a09694d4] /home/nyanhacker/.bundle/ruby/2.5.0/rails-daa325b7b77d/actionpack/lib/action_dispatch/middleware/request_id.rb:27:in `call'
[72876a13-c3e7-41c2-9b2d-0ac3a09694d4] rack (2.0.5) lib/rack/method_override.rb:22:in `call'
[72876a13-c3e7-41c2-9b2d-0ac3a09694d4] rack (2.0.5) lib/rack/runtime.rb:22:in `call'
[72876a13-c3e7-41c2-9b2d-0ac3a09694d4] /home/nyanhacker/.bundle/ruby/2.5.0/rails-daa325b7b77d/activesupport/lib/active_support/cache/strategy/local_cache_middleware.rb:29:in `call'
[72876a13-c3e7-41c2-9b2d-0ac3a09694d4] /home/nyanhacker/.bundle/ruby/2.5.0/rails-daa325b7b77d/actionpack/lib/action_dispatch/middleware/executor.rb:14:in `call'
[72876a13-c3e7-41c2-9b2d-0ac3a09694d4] rack (2.0.5) lib/rack/sendfile.rb:111:in `call'
[72876a13-c3e7-41c2-9b2d-0ac3a09694d4] /home/nyanhacker/.bundle/ruby/2.5.0/rails-daa325b7b77d/railties/lib/rails/engine.rb:524:in `call'
[72876a13-c3e7-41c2-9b2d-0ac3a09694d4] puma (3.12.0) lib/puma/configuration.rb:225:in `call'
[72876a13-c3e7-41c2-9b2d-0ac3a09694d4] puma (3.12.0) lib/puma/server.rb:658:in `handle_request'
[72876a13-c3e7-41c2-9b2d-0ac3a09694d4] puma (3.12.0) lib/puma/server.rb:472:in `process_client'
[72876a13-c3e7-41c2-9b2d-0ac3a09694d4] puma (3.12.0) lib/puma/server.rb:332:in `block in run'
[72876a13-c3e7-41c2-9b2d-0ac3a09694d4] puma (3.12.0) lib/puma/thread_pool.rb:133:in `block in spawn_thread'
I, [2018-10-30T22:22:02.828559 #15019]  INFO -- : [a693596e-564c-4bd9-908a-8d3acfc8f13b] Started GET "/" for 127.0.0.1 at 2018-10-30 22:22:02 +0700
I, [2018-10-30T22:22:02.829031 #15019]  INFO -- : [a693596e-564c-4bd9-908a-8d3acfc8f13b] Processing by ConstructingController#index as HTML
I, [2018-10-30T22:22:02.829687 #15019]  INFO -- : [a693596e-564c-4bd9-908a-8d3acfc8f13b]   Rendering constructing/index.html.erb within layouts/application
I, [2018-10-30T22:22:02.829768 #15019]  INFO -- : [a693596e-564c-4bd9-908a-8d3acfc8f13b]   Rendered constructing/index.html.erb within layouts/application (0.0ms)
I, [2018-10-30T22:22:02.830400 #15019]  INFO -- : [a693596e-564c-4bd9-908a-8d3acfc8f13b] Completed 500 Internal Server Error in 1ms
F, [2018-10-30T22:22:02.830834 #15019] FATAL -- : [a693596e-564c-4bd9-908a-8d3acfc8f13b]   
F, [2018-10-30T22:22:02.830862 #15019] FATAL -- : [a693596e-564c-4bd9-908a-8d3acfc8f13b] ActionView::Template::Error (The asset "application.css" is not present in the asset pipeline.):
F, [2018-10-30T22:22:02.830926 #15019] FATAL -- : [a693596e-564c-4bd9-908a-8d3acfc8f13b]      5:     <%= csrf_meta_tags %>
[a693596e-564c-4bd9-908a-8d3acfc8f13b]      6:     <%= csp_meta_tag %>
[a693596e-564c-4bd9-908a-8d3acfc8f13b]      7: 
[a693596e-564c-4bd9-908a-8d3acfc8f13b]      8:     <%= stylesheet_link_tag    'application', media: 'all', 'data-turbolinks-track': 'reload' %>
[a693596e-564c-4bd9-908a-8d3acfc8f13b]      9:     <%= javascript_include_tag 'application', 'data-turbolinks-track': 'reload' %>
[a693596e-564c-4bd9-908a-8d3acfc8f13b]     10:     <%= javascript_pack_tag 'application' %>
[a693596e-564c-4bd9-908a-8d3acfc8f13b]     11:   </head>
F, [2018-10-30T22:22:02.830947 #15019] FATAL -- : [a693596e-564c-4bd9-908a-8d3acfc8f13b]   
F, [2018-10-30T22:22:02.830969 #15019] FATAL -- : [a693596e-564c-4bd9-908a-8d3acfc8f13b] app/views/layouts/application.html.erb:8:in `_app_views_layouts_application_html_erb___2952965923599206106_69848113761040'
I, [2018-10-30T22:22:02.845953 #15019]  INFO -- : [10ff6b37-5696-48e5-8d78-dcc63899069e] Started GET "/favicon.ico" for 127.0.0.1 at 2018-10-30 22:22:02 +0700
F, [2018-10-30T22:22:02.846397 #15019] FATAL -- : [10ff6b37-5696-48e5-8d78-dcc63899069e]   
F, [2018-10-30T22:22:02.846434 #15019] FATAL -- : [10ff6b37-5696-48e5-8d78-dcc63899069e] ActionController::RoutingError (No route matches [GET] "/favicon.ico"):
F, [2018-10-30T22:22:02.846456 #15019] FATAL -- : [10ff6b37-5696-48e5-8d78-dcc63899069e]   
F, [2018-10-30T22:22:02.846482 #15019] FATAL -- : [10ff6b37-5696-48e5-8d78-dcc63899069e] /home/nyanhacker/.bundle/ruby/2.5.0/rails-daa325b7b77d/actionpack/lib/action_dispatch/middleware/debug_exceptions.rb:65:in `call'
[10ff6b37-5696-48e5-8d78-dcc63899069e] /home/nyanhacker/.bundle/ruby/2.5.0/rails-daa325b7b77d/actionpack/lib/action_dispatch/middleware/show_exceptions.rb:33:in `call'
[10ff6b37-5696-48e5-8d78-dcc63899069e] /home/nyanhacker/.bundle/ruby/2.5.0/rails-daa325b7b77d/railties/lib/rails/rack/logger.rb:38:in `call_app'
[10ff6b37-5696-48e5-8d78-dcc63899069e] /home/nyanhacker/.bundle/ruby/2.5.0/rails-daa325b7b77d/railties/lib/rails/rack/logger.rb:26:in `block in call'
[10ff6b37-5696-48e5-8d78-dcc63899069e] /home/nyanhacker/.bundle/ruby/2.5.0/rails-daa325b7b77d/activesupport/lib/active_support/tagged_logging.rb:71:in `block in tagged'
[10ff6b37-5696-48e5-8d78-dcc63899069e] /home/nyanhacker/.bundle/ruby/2.5.0/rails-daa325b7b77d/activesupport/lib/active_support/tagged_logging.rb:28:in `tagged'
[10ff6b37-5696-48e5-8d78-dcc63899069e] /home/nyanhacker/.bundle/ruby/2.5.0/rails-daa325b7b77d/activesupport/lib/active_support/tagged_logging.rb:71:in `tagged'
[10ff6b37-5696-48e5-8d78-dcc63899069e] /home/nyanhacker/.bundle/ruby/2.5.0/rails-daa325b7b77d/railties/lib/rails/rack/logger.rb:26:in `call'
[10ff6b37-5696-48e5-8d78-dcc63899069e] /home/nyanhacker/.bundle/ruby/2.5.0/rails-daa325b7b77d/actionpack/lib/action_dispatch/middleware/remote_ip.rb:81:in `call'
[10ff6b37-5696-48e5-8d78-dcc63899069e] /home/nyanhacker/.bundle/ruby/2.5.0/rails-daa325b7b77d/actionpack/lib/action_dispatch/middleware/request_id.rb:27:in `call'
[10ff6b37-5696-48e5-8d78-dcc63899069e] rack (2.0.5) lib/rack/method_override.rb:22:in `call'
[10ff6b37-5696-48e5-8d78-dcc63899069e] rack (2.0.5) lib/rack/runtime.rb:22:in `call'
[10ff6b37-5696-48e5-8d78-dcc63899069e] /home/nyanhacker/.bundle/ruby/2.5.0/rails-daa325b7b77d/activesupport/lib/active_support/cache/strategy/local_cache_middleware.rb:29:in `call'
[10ff6b37-5696-48e5-8d78-dcc63899069e] /home/nyanhacker/.bundle/ruby/2.5.0/rails-daa325b7b77d/actionpack/lib/action_dispatch/middleware/executor.rb:14:in `call'
[10ff6b37-5696-48e5-8d78-dcc63899069e] rack (2.0.5) lib/rack/sendfile.rb:111:in `call'
[10ff6b37-5696-48e5-8d78-dcc63899069e] /home/nyanhacker/.bundle/ruby/2.5.0/rails-daa325b7b77d/railties/lib/rails/engine.rb:524:in `call'
[10ff6b37-5696-48e5-8d78-dcc63899069e] puma (3.12.0) lib/puma/configuration.rb:225:in `call'
[10ff6b37-5696-48e5-8d78-dcc63899069e] puma (3.12.0) lib/puma/server.rb:658:in `handle_request'
[10ff6b37-5696-48e5-8d78-dcc63899069e] puma (3.12.0) lib/puma/server.rb:472:in `process_client'
[10ff6b37-5696-48e5-8d78-dcc63899069e] puma (3.12.0) lib/puma/server.rb:332:in `block in run'
[10ff6b37-5696-48e5-8d78-dcc63899069e] puma (3.12.0) lib/puma/thread_pool.rb:133:in `block in spawn_thread'
I, [2018-10-30T22:22:02.988328 #15019]  INFO -- : [294d380e-ad00-45ba-a405-b2a00a007285] Started GET "/" for 127.0.0.1 at 2018-10-30 22:22:02 +0700
I, [2018-10-30T22:22:02.988715 #15019]  INFO -- : [294d380e-ad00-45ba-a405-b2a00a007285] Processing by ConstructingController#index as HTML
I, [2018-10-30T22:22:02.989363 #15019]  INFO -- : [294d380e-ad00-45ba-a405-b2a00a007285]   Rendering constructing/index.html.erb within layouts/application
I, [2018-10-30T22:22:02.989444 #15019]  INFO -- : [294d380e-ad00-45ba-a405-b2a00a007285]   Rendered constructing/index.html.erb within layouts/application (0.0ms)
I, [2018-10-30T22:22:02.990076 #15019]  INFO -- : [294d380e-ad00-45ba-a405-b2a00a007285] Completed 500 Internal Server Error in 1ms
F, [2018-10-30T22:22:02.990507 #15019] FATAL -- : [294d380e-ad00-45ba-a405-b2a00a007285]   
F, [2018-10-30T22:22:02.990533 #15019] FATAL -- : [294d380e-ad00-45ba-a405-b2a00a007285] ActionView::Template::Error (The asset "application.css" is not present in the asset pipeline.):
F, [2018-10-30T22:22:02.990592 #15019] FATAL -- : [294d380e-ad00-45ba-a405-b2a00a007285]      5:     <%= csrf_meta_tags %>
[294d380e-ad00-45ba-a405-b2a00a007285]      6:     <%= csp_meta_tag %>
[294d380e-ad00-45ba-a405-b2a00a007285]      7: 
[294d380e-ad00-45ba-a405-b2a00a007285]      8:     <%= stylesheet_link_tag    'application', media: 'all', 'data-turbolinks-track': 'reload' %>
[294d380e-ad00-45ba-a405-b2a00a007285]      9:     <%= javascript_include_tag 'application', 'data-turbolinks-track': 'reload' %>
[294d380e-ad00-45ba-a405-b2a00a007285]     10:     <%= javascript_pack_tag 'application' %>
[294d380e-ad00-45ba-a405-b2a00a007285]     11:   </head>
F, [2018-10-30T22:22:02.990611 #15019] FATAL -- : [294d380e-ad00-45ba-a405-b2a00a007285]   
F, [2018-10-30T22:22:02.990629 #15019] FATAL -- : [294d380e-ad00-45ba-a405-b2a00a007285] app/views/layouts/application.html.erb:8:in `_app_views_layouts_application_html_erb___2952965923599206106_69848113761040'
I, [2018-10-30T22:22:03.005679 #15019]  INFO -- : [ce5e15e0-1052-41c1-8551-254506ce80c6] Started GET "/favicon.ico" for 127.0.0.1 at 2018-10-30 22:22:03 +0700
F, [2018-10-30T22:22:03.006052 #15019] FATAL -- : [ce5e15e0-1052-41c1-8551-254506ce80c6]   
F, [2018-10-30T22:22:03.006082 #15019] FATAL -- : [ce5e15e0-1052-41c1-8551-254506ce80c6] ActionController::RoutingError (No route matches [GET] "/favicon.ico"):
F, [2018-10-30T22:22:03.006100 #15019] FATAL -- : [ce5e15e0-1052-41c1-8551-254506ce80c6]   
F, [2018-10-30T22:22:03.006122 #15019] FATAL -- : [ce5e15e0-1052-41c1-8551-254506ce80c6] /home/nyanhacker/.bundle/ruby/2.5.0/rails-daa325b7b77d/actionpack/lib/action_dispatch/middleware/debug_exceptions.rb:65:in `call'
[ce5e15e0-1052-41c1-8551-254506ce80c6] /home/nyanhacker/.bundle/ruby/2.5.0/rails-daa325b7b77d/actionpack/lib/action_dispatch/middleware/show_exceptions.rb:33:in `call'
[ce5e15e0-1052-41c1-8551-254506ce80c6] /home/nyanhacker/.bundle/ruby/2.5.0/rails-daa325b7b77d/railties/lib/rails/rack/logger.rb:38:in `call_app'
[ce5e15e0-1052-41c1-8551-254506ce80c6] /home/nyanhacker/.bundle/ruby/2.5.0/rails-daa325b7b77d/railties/lib/rails/rack/logger.rb:26:in `block in call'
[ce5e15e0-1052-41c1-8551-254506ce80c6] /home/nyanhacker/.bundle/ruby/2.5.0/rails-daa325b7b77d/activesupport/lib/active_support/tagged_logging.rb:71:in `block in tagged'
[ce5e15e0-1052-41c1-8551-254506ce80c6] /home/nyanhacker/.bundle/ruby/2.5.0/rails-daa325b7b77d/activesupport/lib/active_support/tagged_logging.rb:28:in `tagged'
[ce5e15e0-1052-41c1-8551-254506ce80c6] /home/nyanhacker/.bundle/ruby/2.5.0/rails-daa325b7b77d/activesupport/lib/active_support/tagged_logging.rb:71:in `tagged'
[ce5e15e0-1052-41c1-8551-254506ce80c6] /home/nyanhacker/.bundle/ruby/2.5.0/rails-daa325b7b77d/railties/lib/rails/rack/logger.rb:26:in `call'
[ce5e15e0-1052-41c1-8551-254506ce80c6] /home/nyanhacker/.bundle/ruby/2.5.0/rails-daa325b7b77d/actionpack/lib/action_dispatch/middleware/remote_ip.rb:81:in `call'
[ce5e15e0-1052-41c1-8551-254506ce80c6] /home/nyanhacker/.bundle/ruby/2.5.0/rails-daa325b7b77d/actionpack/lib/action_dispatch/middleware/request_id.rb:27:in `call'
[ce5e15e0-1052-41c1-8551-254506ce80c6] rack (2.0.5) lib/rack/method_override.rb:22:in `call'
[ce5e15e0-1052-41c1-8551-254506ce80c6] rack (2.0.5) lib/rack/runtime.rb:22:in `call'
[ce5e15e0-1052-41c1-8551-254506ce80c6] /home/nyanhacker/.bundle/ruby/2.5.0/rails-daa325b7b77d/activesupport/lib/active_support/cache/strategy/local_cache_middleware.rb:29:in `call'
[ce5e15e0-1052-41c1-8551-254506ce80c6] /home/nyanhacker/.bundle/ruby/2.5.0/rails-daa325b7b77d/actionpack/lib/action_dispatch/middleware/executor.rb:14:in `call'
[ce5e15e0-1052-41c1-8551-254506ce80c6] rack (2.0.5) lib/rack/sendfile.rb:111:in `call'
[ce5e15e0-1052-41c1-8551-254506ce80c6] /home/nyanhacker/.bundle/ruby/2.5.0/rails-daa325b7b77d/railties/lib/rails/engine.rb:524:in `call'
[ce5e15e0-1052-41c1-8551-254506ce80c6] puma (3.12.0) lib/puma/configuration.rb:225:in `call'
[ce5e15e0-1052-41c1-8551-254506ce80c6] puma (3.12.0) lib/puma/server.rb:658:in `handle_request'
[ce5e15e0-1052-41c1-8551-254506ce80c6] puma (3.12.0) lib/puma/server.rb:472:in `process_client'
[ce5e15e0-1052-41c1-8551-254506ce80c6] puma (3.12.0) lib/puma/server.rb:332:in `block in run'
[ce5e15e0-1052-41c1-8551-254506ce80c6] puma (3.12.0) lib/puma/thread_pool.rb:133:in `block in spawn_thread'
I, [2018-10-30T22:22:03.157651 #15019]  INFO -- : [62f6784d-68cc-4745-99b5-28bb56ad550a] Started GET "/" for 127.0.0.1 at 2018-10-30 22:22:03 +0700
I, [2018-10-30T22:22:03.158158 #15019]  INFO -- : [62f6784d-68cc-4745-99b5-28bb56ad550a] Processing by ConstructingController#index as HTML
I, [2018-10-30T22:22:03.159139 #15019]  INFO -- : [62f6784d-68cc-4745-99b5-28bb56ad550a]   Rendering constructing/index.html.erb within layouts/application
I, [2018-10-30T22:22:03.159251 #15019]  INFO -- : [62f6784d-68cc-4745-99b5-28bb56ad550a]   Rendered constructing/index.html.erb within layouts/application (0.0ms)
I, [2018-10-30T22:22:03.160145 #15019]  INFO -- : [62f6784d-68cc-4745-99b5-28bb56ad550a] Completed 500 Internal Server Error in 2ms
F, [2018-10-30T22:22:03.160872 #15019] FATAL -- : [62f6784d-68cc-4745-99b5-28bb56ad550a]   
F, [2018-10-30T22:22:03.160914 #15019] FATAL -- : [62f6784d-68cc-4745-99b5-28bb56ad550a] ActionView::Template::Error (The asset "application.css" is not present in the asset pipeline.):
F, [2018-10-30T22:22:03.161008 #15019] FATAL -- : [62f6784d-68cc-4745-99b5-28bb56ad550a]      5:     <%= csrf_meta_tags %>
[62f6784d-68cc-4745-99b5-28bb56ad550a]      6:     <%= csp_meta_tag %>
[62f6784d-68cc-4745-99b5-28bb56ad550a]      7: 
[62f6784d-68cc-4745-99b5-28bb56ad550a]      8:     <%= stylesheet_link_tag    'application', media: 'all', 'data-turbolinks-track': 'reload' %>
[62f6784d-68cc-4745-99b5-28bb56ad550a]      9:     <%= javascript_include_tag 'application', 'data-turbolinks-track': 'reload' %>
[62f6784d-68cc-4745-99b5-28bb56ad550a]     10:     <%= javascript_pack_tag 'application' %>
[62f6784d-68cc-4745-99b5-28bb56ad550a]     11:   </head>
F, [2018-10-30T22:22:03.161038 #15019] FATAL -- : [62f6784d-68cc-4745-99b5-28bb56ad550a]   
F, [2018-10-30T22:22:03.161065 #15019] FATAL -- : [62f6784d-68cc-4745-99b5-28bb56ad550a] app/views/layouts/application.html.erb:8:in `_app_views_layouts_application_html_erb___2952965923599206106_69848113761040'
I, [2018-10-30T22:22:03.178554 #15019]  INFO -- : [b9f3aff9-fc09-454e-bfe8-900d504f9cf9] Started GET "/favicon.ico" for 127.0.0.1 at 2018-10-30 22:22:03 +0700
F, [2018-10-30T22:22:03.179066 #15019] FATAL -- : [b9f3aff9-fc09-454e-bfe8-900d504f9cf9]   
F, [2018-10-30T22:22:03.179112 #15019] FATAL -- : [b9f3aff9-fc09-454e-bfe8-900d504f9cf9] ActionController::RoutingError (No route matches [GET] "/favicon.ico"):
F, [2018-10-30T22:22:03.179142 #15019] FATAL -- : [b9f3aff9-fc09-454e-bfe8-900d504f9cf9]   
F, [2018-10-30T22:22:03.179175 #15019] FATAL -- : [b9f3aff9-fc09-454e-bfe8-900d504f9cf9] /home/nyanhacker/.bundle/ruby/2.5.0/rails-daa325b7b77d/actionpack/lib/action_dispatch/middleware/debug_exceptions.rb:65:in `call'
[b9f3aff9-fc09-454e-bfe8-900d504f9cf9] /home/nyanhacker/.bundle/ruby/2.5.0/rails-daa325b7b77d/actionpack/lib/action_dispatch/middleware/show_exceptions.rb:33:in `call'
[b9f3aff9-fc09-454e-bfe8-900d504f9cf9] /home/nyanhacker/.bundle/ruby/2.5.0/rails-daa325b7b77d/railties/lib/rails/rack/logger.rb:38:in `call_app'
[b9f3aff9-fc09-454e-bfe8-900d504f9cf9] /home/nyanhacker/.bundle/ruby/2.5.0/rails-daa325b7b77d/railties/lib/rails/rack/logger.rb:26:in `block in call'
[b9f3aff9-fc09-454e-bfe8-900d504f9cf9] /home/nyanhacker/.bundle/ruby/2.5.0/rails-daa325b7b77d/activesupport/lib/active_support/tagged_logging.rb:71:in `block in tagged'
[b9f3aff9-fc09-454e-bfe8-900d504f9cf9] /home/nyanhacker/.bundle/ruby/2.5.0/rails-daa325b7b77d/activesupport/lib/active_support/tagged_logging.rb:28:in `tagged'
[b9f3aff9-fc09-454e-bfe8-900d504f9cf9] /home/nyanhacker/.bundle/ruby/2.5.0/rails-daa325b7b77d/activesupport/lib/active_support/tagged_logging.rb:71:in `tagged'
[b9f3aff9-fc09-454e-bfe8-900d504f9cf9] /home/nyanhacker/.bundle/ruby/2.5.0/rails-daa325b7b77d/railties/lib/rails/rack/logger.rb:26:in `call'
[b9f3aff9-fc09-454e-bfe8-900d504f9cf9] /home/nyanhacker/.bundle/ruby/2.5.0/rails-daa325b7b77d/actionpack/lib/action_dispatch/middleware/remote_ip.rb:81:in `call'
[b9f3aff9-fc09-454e-bfe8-900d504f9cf9] /home/nyanhacker/.bundle/ruby/2.5.0/rails-daa325b7b77d/actionpack/lib/action_dispatch/middleware/request_id.rb:27:in `call'
[b9f3aff9-fc09-454e-bfe8-900d504f9cf9] rack (2.0.5) lib/rack/method_override.rb:22:in `call'
[b9f3aff9-fc09-454e-bfe8-900d504f9cf9] rack (2.0.5) lib/rack/runtime.rb:22:in `call'
[b9f3aff9-fc09-454e-bfe8-900d504f9cf9] /home/nyanhacker/.bundle/ruby/2.5.0/rails-daa325b7b77d/activesupport/lib/active_support/cache/strategy/local_cache_middleware.rb:29:in `call'
[b9f3aff9-fc09-454e-bfe8-900d504f9cf9] /home/nyanhacker/.bundle/ruby/2.5.0/rails-daa325b7b77d/actionpack/lib/action_dispatch/middleware/executor.rb:14:in `call'
[b9f3aff9-fc09-454e-bfe8-900d504f9cf9] rack (2.0.5) lib/rack/sendfile.rb:111:in `call'
[b9f3aff9-fc09-454e-bfe8-900d504f9cf9] /home/nyanhacker/.bundle/ruby/2.5.0/rails-daa325b7b77d/railties/lib/rails/engine.rb:524:in `call'
[b9f3aff9-fc09-454e-bfe8-900d504f9cf9] puma (3.12.0) lib/puma/configuration.rb:225:in `call'
[b9f3aff9-fc09-454e-bfe8-900d504f9cf9] puma (3.12.0) lib/puma/server.rb:658:in `handle_request'
[b9f3aff9-fc09-454e-bfe8-900d504f9cf9] puma (3.12.0) lib/puma/server.rb:472:in `process_client'
[b9f3aff9-fc09-454e-bfe8-900d504f9cf9] puma (3.12.0) lib/puma/server.rb:332:in `block in run'
[b9f3aff9-fc09-454e-bfe8-900d504f9cf9] puma (3.12.0) lib/puma/thread_pool.rb:133:in `block in spawn_thread'
I, [2018-10-30T22:22:03.324309 #15019]  INFO -- : [f7dcb21f-5b1e-4109-b4be-97446c2216e1] Started GET "/" for 127.0.0.1 at 2018-10-30 22:22:03 +0700
I, [2018-10-30T22:22:03.324744 #15019]  INFO -- : [f7dcb21f-5b1e-4109-b4be-97446c2216e1] Processing by ConstructingController#index as HTML
I, [2018-10-30T22:22:03.325407 #15019]  INFO -- : [f7dcb21f-5b1e-4109-b4be-97446c2216e1]   Rendering constructing/index.html.erb within layouts/application
I, [2018-10-30T22:22:03.325482 #15019]  INFO -- : [f7dcb21f-5b1e-4109-b4be-97446c2216e1]   Rendered constructing/index.html.erb within layouts/application (0.0ms)
I, [2018-10-30T22:22:03.326124 #15019]  INFO -- : [f7dcb21f-5b1e-4109-b4be-97446c2216e1] Completed 500 Internal Server Error in 1ms
F, [2018-10-30T22:22:03.326558 #15019] FATAL -- : [f7dcb21f-5b1e-4109-b4be-97446c2216e1]   
F, [2018-10-30T22:22:03.326585 #15019] FATAL -- : [f7dcb21f-5b1e-4109-b4be-97446c2216e1] ActionView::Template::Error (The asset "application.css" is not present in the asset pipeline.):
F, [2018-10-30T22:22:03.326642 #15019] FATAL -- : [f7dcb21f-5b1e-4109-b4be-97446c2216e1]      5:     <%= csrf_meta_tags %>
[f7dcb21f-5b1e-4109-b4be-97446c2216e1]      6:     <%= csp_meta_tag %>
[f7dcb21f-5b1e-4109-b4be-97446c2216e1]      7: 
[f7dcb21f-5b1e-4109-b4be-97446c2216e1]      8:     <%= stylesheet_link_tag    'application', media: 'all', 'data-turbolinks-track': 'reload' %>
[f7dcb21f-5b1e-4109-b4be-97446c2216e1]      9:     <%= javascript_include_tag 'application', 'data-turbolinks-track': 'reload' %>
[f7dcb21f-5b1e-4109-b4be-97446c2216e1]     10:     <%= javascript_pack_tag 'application' %>
[f7dcb21f-5b1e-4109-b4be-97446c2216e1]     11:   </head>
F, [2018-10-30T22:22:03.326664 #15019] FATAL -- : [f7dcb21f-5b1e-4109-b4be-97446c2216e1]   
F, [2018-10-30T22:22:03.326682 #15019] FATAL -- : [f7dcb21f-5b1e-4109-b4be-97446c2216e1] app/views/layouts/application.html.erb:8:in `_app_views_layouts_application_html_erb___2952965923599206106_69848113761040'
I, [2018-10-30T22:22:03.340965 #15019]  INFO -- : [0aa6fc0a-1832-4edb-a1e2-2e4a8f512ba0] Started GET "/favicon.ico" for 127.0.0.1 at 2018-10-30 22:22:03 +0700
F, [2018-10-30T22:22:03.341316 #15019] FATAL -- : [0aa6fc0a-1832-4edb-a1e2-2e4a8f512ba0]   
F, [2018-10-30T22:22:03.341348 #15019] FATAL -- : [0aa6fc0a-1832-4edb-a1e2-2e4a8f512ba0] ActionController::RoutingError (No route matches [GET] "/favicon.ico"):
F, [2018-10-30T22:22:03.341366 #15019] FATAL -- : [0aa6fc0a-1832-4edb-a1e2-2e4a8f512ba0]   
F, [2018-10-30T22:22:03.341388 #15019] FATAL -- : [0aa6fc0a-1832-4edb-a1e2-2e4a8f512ba0] /home/nyanhacker/.bundle/ruby/2.5.0/rails-daa325b7b77d/actionpack/lib/action_dispatch/middleware/debug_exceptions.rb:65:in `call'
[0aa6fc0a-1832-4edb-a1e2-2e4a8f512ba0] /home/nyanhacker/.bundle/ruby/2.5.0/rails-daa325b7b77d/actionpack/lib/action_dispatch/middleware/show_exceptions.rb:33:in `call'
[0aa6fc0a-1832-4edb-a1e2-2e4a8f512ba0] /home/nyanhacker/.bundle/ruby/2.5.0/rails-daa325b7b77d/railties/lib/rails/rack/logger.rb:38:in `call_app'
[0aa6fc0a-1832-4edb-a1e2-2e4a8f512ba0] /home/nyanhacker/.bundle/ruby/2.5.0/rails-daa325b7b77d/railties/lib/rails/rack/logger.rb:26:in `block in call'
[0aa6fc0a-1832-4edb-a1e2-2e4a8f512ba0] /home/nyanhacker/.bundle/ruby/2.5.0/rails-daa325b7b77d/activesupport/lib/active_support/tagged_logging.rb:71:in `block in tagged'
[0aa6fc0a-1832-4edb-a1e2-2e4a8f512ba0] /home/nyanhacker/.bundle/ruby/2.5.0/rails-daa325b7b77d/activesupport/lib/active_support/tagged_logging.rb:28:in `tagged'
[0aa6fc0a-1832-4edb-a1e2-2e4a8f512ba0] /home/nyanhacker/.bundle/ruby/2.5.0/rails-daa325b7b77d/activesupport/lib/active_support/tagged_logging.rb:71:in `tagged'
[0aa6fc0a-1832-4edb-a1e2-2e4a8f512ba0] /home/nyanhacker/.bundle/ruby/2.5.0/rails-daa325b7b77d/railties/lib/rails/rack/logger.rb:26:in `call'
[0aa6fc0a-1832-4edb-a1e2-2e4a8f512ba0] /home/nyanhacker/.bundle/ruby/2.5.0/rails-daa325b7b77d/actionpack/lib/action_dispatch/middleware/remote_ip.rb:81:in `call'
[0aa6fc0a-1832-4edb-a1e2-2e4a8f512ba0] /home/nyanhacker/.bundle/ruby/2.5.0/rails-daa325b7b77d/actionpack/lib/action_dispatch/middleware/request_id.rb:27:in `call'
[0aa6fc0a-1832-4edb-a1e2-2e4a8f512ba0] rack (2.0.5) lib/rack/method_override.rb:22:in `call'
[0aa6fc0a-1832-4edb-a1e2-2e4a8f512ba0] rack (2.0.5) lib/rack/runtime.rb:22:in `call'
[0aa6fc0a-1832-4edb-a1e2-2e4a8f512ba0] /home/nyanhacker/.bundle/ruby/2.5.0/rails-daa325b7b77d/activesupport/lib/active_support/cache/strategy/local_cache_middleware.rb:29:in `call'
[0aa6fc0a-1832-4edb-a1e2-2e4a8f512ba0] /home/nyanhacker/.bundle/ruby/2.5.0/rails-daa325b7b77d/actionpack/lib/action_dispatch/middleware/executor.rb:14:in `call'
[0aa6fc0a-1832-4edb-a1e2-2e4a8f512ba0] rack (2.0.5) lib/rack/sendfile.rb:111:in `call'
[0aa6fc0a-1832-4edb-a1e2-2e4a8f512ba0] /home/nyanhacker/.bundle/ruby/2.5.0/rails-daa325b7b77d/railties/lib/rails/engine.rb:524:in `call'
[0aa6fc0a-1832-4edb-a1e2-2e4a8f512ba0] puma (3.12.0) lib/puma/configuration.rb:225:in `call'
[0aa6fc0a-1832-4edb-a1e2-2e4a8f512ba0] puma (3.12.0) lib/puma/server.rb:658:in `handle_request'
[0aa6fc0a-1832-4edb-a1e2-2e4a8f512ba0] puma (3.12.0) lib/puma/server.rb:472:in `process_client'
[0aa6fc0a-1832-4edb-a1e2-2e4a8f512ba0] puma (3.12.0) lib/puma/server.rb:332:in `block in run'
[0aa6fc0a-1832-4edb-a1e2-2e4a8f512ba0] puma (3.12.0) lib/puma/thread_pool.rb:133:in `block in spawn_thread'
I, [2018-10-30T22:22:03.504415 #15019]  INFO -- : [19e50606-1433-4bf9-bd04-fe922a30e492] Started GET "/" for 127.0.0.1 at 2018-10-30 22:22:03 +0700
I, [2018-10-30T22:22:03.504971 #15019]  INFO -- : [19e50606-1433-4bf9-bd04-fe922a30e492] Processing by ConstructingController#index as HTML
I, [2018-10-30T22:22:03.505641 #15019]  INFO -- : [19e50606-1433-4bf9-bd04-fe922a30e492]   Rendering constructing/index.html.erb within layouts/application
I, [2018-10-30T22:22:03.505711 #15019]  INFO -- : [19e50606-1433-4bf9-bd04-fe922a30e492]   Rendered constructing/index.html.erb within layouts/application (0.0ms)
I, [2018-10-30T22:22:03.506356 #15019]  INFO -- : [19e50606-1433-4bf9-bd04-fe922a30e492] Completed 500 Internal Server Error in 1ms
F, [2018-10-30T22:22:03.506814 #15019] FATAL -- : [19e50606-1433-4bf9-bd04-fe922a30e492]   
F, [2018-10-30T22:22:03.506845 #15019] FATAL -- : [19e50606-1433-4bf9-bd04-fe922a30e492] ActionView::Template::Error (The asset "application.css" is not present in the asset pipeline.):
F, [2018-10-30T22:22:03.506907 #15019] FATAL -- : [19e50606-1433-4bf9-bd04-fe922a30e492]      5:     <%= csrf_meta_tags %>
[19e50606-1433-4bf9-bd04-fe922a30e492]      6:     <%= csp_meta_tag %>
[19e50606-1433-4bf9-bd04-fe922a30e492]      7: 
[19e50606-1433-4bf9-bd04-fe922a30e492]      8:     <%= stylesheet_link_tag    'application', media: 'all', 'data-turbolinks-track': 'reload' %>
[19e50606-1433-4bf9-bd04-fe922a30e492]      9:     <%= javascript_include_tag 'application', 'data-turbolinks-track': 'reload' %>
[19e50606-1433-4bf9-bd04-fe922a30e492]     10:     <%= javascript_pack_tag 'application' %>
[19e50606-1433-4bf9-bd04-fe922a30e492]     11:   </head>
F, [2018-10-30T22:22:03.506927 #15019] FATAL -- : [19e50606-1433-4bf9-bd04-fe922a30e492]   
F, [2018-10-30T22:22:03.506944 #15019] FATAL -- : [19e50606-1433-4bf9-bd04-fe922a30e492] app/views/layouts/application.html.erb:8:in `_app_views_layouts_application_html_erb___2952965923599206106_69848113761040'
I, [2018-10-30T22:22:03.515671 #15019]  INFO -- : [f9a51fd6-2de9-4d21-9ca9-72101393748c] Started GET "/favicon.ico" for 127.0.0.1 at 2018-10-30 22:22:03 +0700
F, [2018-10-30T22:22:03.516268 #15019] FATAL -- : [f9a51fd6-2de9-4d21-9ca9-72101393748c]   
F, [2018-10-30T22:22:03.516335 #15019] FATAL -- : [f9a51fd6-2de9-4d21-9ca9-72101393748c] ActionController::RoutingError (No route matches [GET] "/favicon.ico"):
F, [2018-10-30T22:22:03.516366 #15019] FATAL -- : [f9a51fd6-2de9-4d21-9ca9-72101393748c]   
F, [2018-10-30T22:22:03.516395 #15019] FATAL -- : [f9a51fd6-2de9-4d21-9ca9-72101393748c] /home/nyanhacker/.bundle/ruby/2.5.0/rails-daa325b7b77d/actionpack/lib/action_dispatch/middleware/debug_exceptions.rb:65:in `call'
[f9a51fd6-2de9-4d21-9ca9-72101393748c] /home/nyanhacker/.bundle/ruby/2.5.0/rails-daa325b7b77d/actionpack/lib/action_dispatch/middleware/show_exceptions.rb:33:in `call'
[f9a51fd6-2de9-4d21-9ca9-72101393748c] /home/nyanhacker/.bundle/ruby/2.5.0/rails-daa325b7b77d/railties/lib/rails/rack/logger.rb:38:in `call_app'
[f9a51fd6-2de9-4d21-9ca9-72101393748c] /home/nyanhacker/.bundle/ruby/2.5.0/rails-daa325b7b77d/railties/lib/rails/rack/logger.rb:26:in `block in call'
[f9a51fd6-2de9-4d21-9ca9-72101393748c] /home/nyanhacker/.bundle/ruby/2.5.0/rails-daa325b7b77d/activesupport/lib/active_support/tagged_logging.rb:71:in `block in tagged'
[f9a51fd6-2de9-4d21-9ca9-72101393748c] /home/nyanhacker/.bundle/ruby/2.5.0/rails-daa325b7b77d/activesupport/lib/active_support/tagged_logging.rb:28:in `tagged'
[f9a51fd6-2de9-4d21-9ca9-72101393748c] /home/nyanhacker/.bundle/ruby/2.5.0/rails-daa325b7b77d/activesupport/lib/active_support/tagged_logging.rb:71:in `tagged'
[f9a51fd6-2de9-4d21-9ca9-72101393748c] /home/nyanhacker/.bundle/ruby/2.5.0/rails-daa325b7b77d/railties/lib/rails/rack/logger.rb:26:in `call'
[f9a51fd6-2de9-4d21-9ca9-72101393748c] /home/nyanhacker/.bundle/ruby/2.5.0/rails-daa325b7b77d/actionpack/lib/action_dispatch/middleware/remote_ip.rb:81:in `call'
[f9a51fd6-2de9-4d21-9ca9-72101393748c] /home/nyanhacker/.bundle/ruby/2.5.0/rails-daa325b7b77d/actionpack/lib/action_dispatch/middleware/request_id.rb:27:in `call'
[f9a51fd6-2de9-4d21-9ca9-72101393748c] rack (2.0.5) lib/rack/method_override.rb:22:in `call'
[f9a51fd6-2de9-4d21-9ca9-72101393748c] rack (2.0.5) lib/rack/runtime.rb:22:in `call'
[f9a51fd6-2de9-4d21-9ca9-72101393748c] /home/nyanhacker/.bundle/ruby/2.5.0/rails-daa325b7b77d/activesupport/lib/active_support/cache/strategy/local_cache_middleware.rb:29:in `call'
[f9a51fd6-2de9-4d21-9ca9-72101393748c] /home/nyanhacker/.bundle/ruby/2.5.0/rails-daa325b7b77d/actionpack/lib/action_dispatch/middleware/executor.rb:14:in `call'
[f9a51fd6-2de9-4d21-9ca9-72101393748c] rack (2.0.5) lib/rack/sendfile.rb:111:in `call'
[f9a51fd6-2de9-4d21-9ca9-72101393748c] /home/nyanhacker/.bundle/ruby/2.5.0/rails-daa325b7b77d/railties/lib/rails/engine.rb:524:in `call'
[f9a51fd6-2de9-4d21-9ca9-72101393748c] puma (3.12.0) lib/puma/configuration.rb:225:in `call'
[f9a51fd6-2de9-4d21-9ca9-72101393748c] puma (3.12.0) lib/puma/server.rb:658:in `handle_request'
[f9a51fd6-2de9-4d21-9ca9-72101393748c] puma (3.12.0) lib/puma/server.rb:472:in `process_client'
[f9a51fd6-2de9-4d21-9ca9-72101393748c] puma (3.12.0) lib/puma/server.rb:332:in `block in run'
[f9a51fd6-2de9-4d21-9ca9-72101393748c] puma (3.12.0) lib/puma/thread_pool.rb:133:in `block in spawn_thread'
I, [2018-10-30T22:22:10.529480 #15019]  INFO -- : [8aa1089d-cf65-46e3-9684-96d1abd45a5e] Started GET "/constructing" for 127.0.0.1 at 2018-10-30 22:22:10 +0700
F, [2018-10-30T22:22:10.529844 #15019] FATAL -- : [8aa1089d-cf65-46e3-9684-96d1abd45a5e]   
F, [2018-10-30T22:22:10.529884 #15019] FATAL -- : [8aa1089d-cf65-46e3-9684-96d1abd45a5e] ActionController::RoutingError (No route matches [GET] "/constructing"):
F, [2018-10-30T22:22:10.529907 #15019] FATAL -- : [8aa1089d-cf65-46e3-9684-96d1abd45a5e]   
F, [2018-10-30T22:22:10.529934 #15019] FATAL -- : [8aa1089d-cf65-46e3-9684-96d1abd45a5e] /home/nyanhacker/.bundle/ruby/2.5.0/rails-daa325b7b77d/actionpack/lib/action_dispatch/middleware/debug_exceptions.rb:65:in `call'
[8aa1089d-cf65-46e3-9684-96d1abd45a5e] /home/nyanhacker/.bundle/ruby/2.5.0/rails-daa325b7b77d/actionpack/lib/action_dispatch/middleware/show_exceptions.rb:33:in `call'
[8aa1089d-cf65-46e3-9684-96d1abd45a5e] /home/nyanhacker/.bundle/ruby/2.5.0/rails-daa325b7b77d/railties/lib/rails/rack/logger.rb:38:in `call_app'
[8aa1089d-cf65-46e3-9684-96d1abd45a5e] /home/nyanhacker/.bundle/ruby/2.5.0/rails-daa325b7b77d/railties/lib/rails/rack/logger.rb:26:in `block in call'
[8aa1089d-cf65-46e3-9684-96d1abd45a5e] /home/nyanhacker/.bundle/ruby/2.5.0/rails-daa325b7b77d/activesupport/lib/active_support/tagged_logging.rb:71:in `block in tagged'
[8aa1089d-cf65-46e3-9684-96d1abd45a5e] /home/nyanhacker/.bundle/ruby/2.5.0/rails-daa325b7b77d/activesupport/lib/active_support/tagged_logging.rb:28:in `tagged'
[8aa1089d-cf65-46e3-9684-96d1abd45a5e] /home/nyanhacker/.bundle/ruby/2.5.0/rails-daa325b7b77d/activesupport/lib/active_support/tagged_logging.rb:71:in `tagged'
[8aa1089d-cf65-46e3-9684-96d1abd45a5e] /home/nyanhacker/.bundle/ruby/2.5.0/rails-daa325b7b77d/railties/lib/rails/rack/logger.rb:26:in `call'
[8aa1089d-cf65-46e3-9684-96d1abd45a5e] /home/nyanhacker/.bundle/ruby/2.5.0/rails-daa325b7b77d/actionpack/lib/action_dispatch/middleware/remote_ip.rb:81:in `call'
[8aa1089d-cf65-46e3-9684-96d1abd45a5e] /home/nyanhacker/.bundle/ruby/2.5.0/rails-daa325b7b77d/actionpack/lib/action_dispatch/middleware/request_id.rb:27:in `call'
[8aa1089d-cf65-46e3-9684-96d1abd45a5e] rack (2.0.5) lib/rack/method_override.rb:22:in `call'
[8aa1089d-cf65-46e3-9684-96d1abd45a5e] rack (2.0.5) lib/rack/runtime.rb:22:in `call'
[8aa1089d-cf65-46e3-9684-96d1abd45a5e] /home/nyanhacker/.bundle/ruby/2.5.0/rails-daa325b7b77d/activesupport/lib/active_support/cache/strategy/local_cache_middleware.rb:29:in `call'
[8aa1089d-cf65-46e3-9684-96d1abd45a5e] /home/nyanhacker/.bundle/ruby/2.5.0/rails-daa325b7b77d/actionpack/lib/action_dispatch/middleware/executor.rb:14:in `call'
[8aa1089d-cf65-46e3-9684-96d1abd45a5e] rack (2.0.5) lib/rack/sendfile.rb:111:in `call'
[8aa1089d-cf65-46e3-9684-96d1abd45a5e] /home/nyanhacker/.bundle/ruby/2.5.0/rails-daa325b7b77d/railties/lib/rails/engine.rb:524:in `call'
[8aa1089d-cf65-46e3-9684-96d1abd45a5e] puma (3.12.0) lib/puma/configuration.rb:225:in `call'
[8aa1089d-cf65-46e3-9684-96d1abd45a5e] puma (3.12.0) lib/puma/server.rb:658:in `handle_request'
[8aa1089d-cf65-46e3-9684-96d1abd45a5e] puma (3.12.0) lib/puma/server.rb:472:in `process_client'
[8aa1089d-cf65-46e3-9684-96d1abd45a5e] puma (3.12.0) lib/puma/server.rb:332:in `block in run'
[8aa1089d-cf65-46e3-9684-96d1abd45a5e] puma (3.12.0) lib/puma/thread_pool.rb:133:in `block in spawn_thread'
I, [2018-10-30T22:22:10.546688 #15019]  INFO -- : [6a734fb3-893f-40ee-9f26-f0195a249355] Started GET "/favicon.ico" for 127.0.0.1 at 2018-10-30 22:22:10 +0700
F, [2018-10-30T22:22:10.547161 #15019] FATAL -- : [6a734fb3-893f-40ee-9f26-f0195a249355]   
F, [2018-10-30T22:22:10.547225 #15019] FATAL -- : [6a734fb3-893f-40ee-9f26-f0195a249355] ActionController::RoutingError (No route matches [GET] "/favicon.ico"):
F, [2018-10-30T22:22:10.547250 #15019] FATAL -- : [6a734fb3-893f-40ee-9f26-f0195a249355]   
F, [2018-10-30T22:22:10.547273 #15019] FATAL -- : [6a734fb3-893f-40ee-9f26-f0195a249355] /home/nyanhacker/.bundle/ruby/2.5.0/rails-daa325b7b77d/actionpack/lib/action_dispatch/middleware/debug_exceptions.rb:65:in `call'
[6a734fb3-893f-40ee-9f26-f0195a249355] /home/nyanhacker/.bundle/ruby/2.5.0/rails-daa325b7b77d/actionpack/lib/action_dispatch/middleware/show_exceptions.rb:33:in `call'
[6a734fb3-893f-40ee-9f26-f0195a249355] /home/nyanhacker/.bundle/ruby/2.5.0/rails-daa325b7b77d/railties/lib/rails/rack/logger.rb:38:in `call_app'
[6a734fb3-893f-40ee-9f26-f0195a249355] /home/nyanhacker/.bundle/ruby/2.5.0/rails-daa325b7b77d/railties/lib/rails/rack/logger.rb:26:in `block in call'
[6a734fb3-893f-40ee-9f26-f0195a249355] /home/nyanhacker/.bundle/ruby/2.5.0/rails-daa325b7b77d/activesupport/lib/active_support/tagged_logging.rb:71:in `block in tagged'
[6a734fb3-893f-40ee-9f26-f0195a249355] /home/nyanhacker/.bundle/ruby/2.5.0/rails-daa325b7b77d/activesupport/lib/active_support/tagged_logging.rb:28:in `tagged'
[6a734fb3-893f-40ee-9f26-f0195a249355] /home/nyanhacker/.bundle/ruby/2.5.0/rails-daa325b7b77d/activesupport/lib/active_support/tagged_logging.rb:71:in `tagged'
[6a734fb3-893f-40ee-9f26-f0195a249355] /home/nyanhacker/.bundle/ruby/2.5.0/rails-daa325b7b77d/railties/lib/rails/rack/logger.rb:26:in `call'
[6a734fb3-893f-40ee-9f26-f0195a249355] /home/nyanhacker/.bundle/ruby/2.5.0/rails-daa325b7b77d/actionpack/lib/action_dispatch/middleware/remote_ip.rb:81:in `call'
[6a734fb3-893f-40ee-9f26-f0195a249355] /home/nyanhacker/.bundle/ruby/2.5.0/rails-daa325b7b77d/actionpack/lib/action_dispatch/middleware/request_id.rb:27:in `call'
[6a734fb3-893f-40ee-9f26-f0195a249355] rack (2.0.5) lib/rack/method_override.rb:22:in `call'
[6a734fb3-893f-40ee-9f26-f0195a249355] rack (2.0.5) lib/rack/runtime.rb:22:in `call'
[6a734fb3-893f-40ee-9f26-f0195a249355] /home/nyanhacker/.bundle/ruby/2.5.0/rails-daa325b7b77d/activesupport/lib/active_support/cache/strategy/local_cache_middleware.rb:29:in `call'
[6a734fb3-893f-40ee-9f26-f0195a249355] /home/nyanhacker/.bundle/ruby/2.5.0/rails-daa325b7b77d/actionpack/lib/action_dispatch/middleware/executor.rb:14:in `call'
[6a734fb3-893f-40ee-9f26-f0195a249355] rack (2.0.5) lib/rack/sendfile.rb:111:in `call'
[6a734fb3-893f-40ee-9f26-f0195a249355] /home/nyanhacker/.bundle/ruby/2.5.0/rails-daa325b7b77d/railties/lib/rails/engine.rb:524:in `call'
[6a734fb3-893f-40ee-9f26-f0195a249355] puma (3.12.0) lib/puma/configuration.rb:225:in `call'
[6a734fb3-893f-40ee-9f26-f0195a249355] puma (3.12.0) lib/puma/server.rb:658:in `handle_request'
[6a734fb3-893f-40ee-9f26-f0195a249355] puma (3.12.0) lib/puma/server.rb:472:in `process_client'
[6a734fb3-893f-40ee-9f26-f0195a249355] puma (3.12.0) lib/puma/server.rb:332:in `block in run'
[6a734fb3-893f-40ee-9f26-f0195a249355] puma (3.12.0) lib/puma/thread_pool.rb:133:in `block in spawn_thread'
I, [2018-10-30T22:22:15.550777 #15019]  INFO -- : [065e0c11-106d-4684-8d13-b1ac220210ed] Started GET "/Constructing" for 127.0.0.1 at 2018-10-30 22:22:15 +0700
F, [2018-10-30T22:22:15.551340 #15019] FATAL -- : [065e0c11-106d-4684-8d13-b1ac220210ed]   
F, [2018-10-30T22:22:15.551417 #15019] FATAL -- : [065e0c11-106d-4684-8d13-b1ac220210ed] ActionController::RoutingError (No route matches [GET] "/Constructing"):
F, [2018-10-30T22:22:15.551438 #15019] FATAL -- : [065e0c11-106d-4684-8d13-b1ac220210ed]   
F, [2018-10-30T22:22:15.551462 #15019] FATAL -- : [065e0c11-106d-4684-8d13-b1ac220210ed] /home/nyanhacker/.bundle/ruby/2.5.0/rails-daa325b7b77d/actionpack/lib/action_dispatch/middleware/debug_exceptions.rb:65:in `call'
[065e0c11-106d-4684-8d13-b1ac220210ed] /home/nyanhacker/.bundle/ruby/2.5.0/rails-daa325b7b77d/actionpack/lib/action_dispatch/middleware/show_exceptions.rb:33:in `call'
[065e0c11-106d-4684-8d13-b1ac220210ed] /home/nyanhacker/.bundle/ruby/2.5.0/rails-daa325b7b77d/railties/lib/rails/rack/logger.rb:38:in `call_app'
[065e0c11-106d-4684-8d13-b1ac220210ed] /home/nyanhacker/.bundle/ruby/2.5.0/rails-daa325b7b77d/railties/lib/rails/rack/logger.rb:26:in `block in call'
[065e0c11-106d-4684-8d13-b1ac220210ed] /home/nyanhacker/.bundle/ruby/2.5.0/rails-daa325b7b77d/activesupport/lib/active_support/tagged_logging.rb:71:in `block in tagged'
[065e0c11-106d-4684-8d13-b1ac220210ed] /home/nyanhacker/.bundle/ruby/2.5.0/rails-daa325b7b77d/activesupport/lib/active_support/tagged_logging.rb:28:in `tagged'
[065e0c11-106d-4684-8d13-b1ac220210ed] /home/nyanhacker/.bundle/ruby/2.5.0/rails-daa325b7b77d/activesupport/lib/active_support/tagged_logging.rb:71:in `tagged'
[065e0c11-106d-4684-8d13-b1ac220210ed] /home/nyanhacker/.bundle/ruby/2.5.0/rails-daa325b7b77d/railties/lib/rails/rack/logger.rb:26:in `call'
[065e0c11-106d-4684-8d13-b1ac220210ed] /home/nyanhacker/.bundle/ruby/2.5.0/rails-daa325b7b77d/actionpack/lib/action_dispatch/middleware/remote_ip.rb:81:in `call'
[065e0c11-106d-4684-8d13-b1ac220210ed] /home/nyanhacker/.bundle/ruby/2.5.0/rails-daa325b7b77d/actionpack/lib/action_dispatch/middleware/request_id.rb:27:in `call'
[065e0c11-106d-4684-8d13-b1ac220210ed] rack (2.0.5) lib/rack/method_override.rb:22:in `call'
[065e0c11-106d-4684-8d13-b1ac220210ed] rack (2.0.5) lib/rack/runtime.rb:22:in `call'
[065e0c11-106d-4684-8d13-b1ac220210ed] /home/nyanhacker/.bundle/ruby/2.5.0/rails-daa325b7b77d/activesupport/lib/active_support/cache/strategy/local_cache_middleware.rb:29:in `call'
[065e0c11-106d-4684-8d13-b1ac220210ed] /home/nyanhacker/.bundle/ruby/2.5.0/rails-daa325b7b77d/actionpack/lib/action_dispatch/middleware/executor.rb:14:in `call'
[065e0c11-106d-4684-8d13-b1ac220210ed] rack (2.0.5) lib/rack/sendfile.rb:111:in `call'
[065e0c11-106d-4684-8d13-b1ac220210ed] /home/nyanhacker/.bundle/ruby/2.5.0/rails-daa325b7b77d/railties/lib/rails/engine.rb:524:in `call'
[065e0c11-106d-4684-8d13-b1ac220210ed] puma (3.12.0) lib/puma/configuration.rb:225:in `call'
[065e0c11-106d-4684-8d13-b1ac220210ed] puma (3.12.0) lib/puma/server.rb:658:in `handle_request'
[065e0c11-106d-4684-8d13-b1ac220210ed] puma (3.12.0) lib/puma/server.rb:472:in `process_client'
[065e0c11-106d-4684-8d13-b1ac220210ed] puma (3.12.0) lib/puma/server.rb:332:in `block in run'
[065e0c11-106d-4684-8d13-b1ac220210ed] puma (3.12.0) lib/puma/thread_pool.rb:133:in `block in spawn_thread'
I, [2018-10-30T22:22:15.584307 #15019]  INFO -- : [56d7147c-f3ca-48d6-954c-f09177a735e4] Started GET "/favicon.ico" for 127.0.0.1 at 2018-10-30 22:22:15 +0700
F, [2018-10-30T22:22:15.584712 #15019] FATAL -- : [56d7147c-f3ca-48d6-954c-f09177a735e4]   
F, [2018-10-30T22:22:15.584753 #15019] FATAL -- : [56d7147c-f3ca-48d6-954c-f09177a735e4] ActionController::RoutingError (No route matches [GET] "/favicon.ico"):
F, [2018-10-30T22:22:15.584791 #15019] FATAL -- : [56d7147c-f3ca-48d6-954c-f09177a735e4]   
F, [2018-10-30T22:22:15.584824 #15019] FATAL -- : [56d7147c-f3ca-48d6-954c-f09177a735e4] /home/nyanhacker/.bundle/ruby/2.5.0/rails-daa325b7b77d/actionpack/lib/action_dispatch/middleware/debug_exceptions.rb:65:in `call'
[56d7147c-f3ca-48d6-954c-f09177a735e4] /home/nyanhacker/.bundle/ruby/2.5.0/rails-daa325b7b77d/actionpack/lib/action_dispatch/middleware/show_exceptions.rb:33:in `call'
[56d7147c-f3ca-48d6-954c-f09177a735e4] /home/nyanhacker/.bundle/ruby/2.5.0/rails-daa325b7b77d/railties/lib/rails/rack/logger.rb:38:in `call_app'
[56d7147c-f3ca-48d6-954c-f09177a735e4] /home/nyanhacker/.bundle/ruby/2.5.0/rails-daa325b7b77d/railties/lib/rails/rack/logger.rb:26:in `block in call'
[56d7147c-f3ca-48d6-954c-f09177a735e4] /home/nyanhacker/.bundle/ruby/2.5.0/rails-daa325b7b77d/activesupport/lib/active_support/tagged_logging.rb:71:in `block in tagged'
[56d7147c-f3ca-48d6-954c-f09177a735e4] /home/nyanhacker/.bundle/ruby/2.5.0/rails-daa325b7b77d/activesupport/lib/active_support/tagged_logging.rb:28:in `tagged'
[56d7147c-f3ca-48d6-954c-f09177a735e4] /home/nyanhacker/.bundle/ruby/2.5.0/rails-daa325b7b77d/activesupport/lib/active_support/tagged_logging.rb:71:in `tagged'
[56d7147c-f3ca-48d6-954c-f09177a735e4] /home/nyanhacker/.bundle/ruby/2.5.0/rails-daa325b7b77d/railties/lib/rails/rack/logger.rb:26:in `call'
[56d7147c-f3ca-48d6-954c-f09177a735e4] /home/nyanhacker/.bundle/ruby/2.5.0/rails-daa325b7b77d/actionpack/lib/action_dispatch/middleware/remote_ip.rb:81:in `call'
[56d7147c-f3ca-48d6-954c-f09177a735e4] /home/nyanhacker/.bundle/ruby/2.5.0/rails-daa325b7b77d/actionpack/lib/action_dispatch/middleware/request_id.rb:27:in `call'
[56d7147c-f3ca-48d6-954c-f09177a735e4] rack (2.0.5) lib/rack/method_override.rb:22:in `call'
[56d7147c-f3ca-48d6-954c-f09177a735e4] rack (2.0.5) lib/rack/runtime.rb:22:in `call'
[56d7147c-f3ca-48d6-954c-f09177a735e4] /home/nyanhacker/.bundle/ruby/2.5.0/rails-daa325b7b77d/activesupport/lib/active_support/cache/strategy/local_cache_middleware.rb:29:in `call'
[56d7147c-f3ca-48d6-954c-f09177a735e4] /home/nyanhacker/.bundle/ruby/2.5.0/rails-daa325b7b77d/actionpack/lib/action_dispatch/middleware/executor.rb:14:in `call'
[56d7147c-f3ca-48d6-954c-f09177a735e4] rack (2.0.5) lib/rack/sendfile.rb:111:in `call'
[56d7147c-f3ca-48d6-954c-f09177a735e4] /home/nyanhacker/.bundle/ruby/2.5.0/rails-daa325b7b77d/railties/lib/rails/engine.rb:524:in `call'
[56d7147c-f3ca-48d6-954c-f09177a735e4] puma (3.12.0) lib/puma/configuration.rb:225:in `call'
[56d7147c-f3ca-48d6-954c-f09177a735e4] puma (3.12.0) lib/puma/server.rb:658:in `handle_request'
[56d7147c-f3ca-48d6-954c-f09177a735e4] puma (3.12.0) lib/puma/server.rb:472:in `process_client'
[56d7147c-f3ca-48d6-954c-f09177a735e4] puma (3.12.0) lib/puma/server.rb:332:in `block in run'
[56d7147c-f3ca-48d6-954c-f09177a735e4] puma (3.12.0) lib/puma/thread_pool.rb:133:in `block in spawn_thread'
I, [2018-10-30T22:22:18.942188 #15019]  INFO -- : [8ffaf737-215d-4b8f-9cab-8cdc7bf9ded0] Started GET "/constructing" for 127.0.0.1 at 2018-10-30 22:22:18 +0700
F, [2018-10-30T22:22:18.943755 #15019] FATAL -- : [8ffaf737-215d-4b8f-9cab-8cdc7bf9ded0]   
F, [2018-10-30T22:22:18.943901 #15019] FATAL -- : [8ffaf737-215d-4b8f-9cab-8cdc7bf9ded0] ActionController::RoutingError (No route matches [GET] "/constructing"):
F, [2018-10-30T22:22:18.943998 #15019] FATAL -- : [8ffaf737-215d-4b8f-9cab-8cdc7bf9ded0]   
F, [2018-10-30T22:22:18.944107 #15019] FATAL -- : [8ffaf737-215d-4b8f-9cab-8cdc7bf9ded0] /home/nyanhacker/.bundle/ruby/2.5.0/rails-daa325b7b77d/actionpack/lib/action_dispatch/middleware/debug_exceptions.rb:65:in `call'
[8ffaf737-215d-4b8f-9cab-8cdc7bf9ded0] /home/nyanhacker/.bundle/ruby/2.5.0/rails-daa325b7b77d/actionpack/lib/action_dispatch/middleware/show_exceptions.rb:33:in `call'
[8ffaf737-215d-4b8f-9cab-8cdc7bf9ded0] /home/nyanhacker/.bundle/ruby/2.5.0/rails-daa325b7b77d/railties/lib/rails/rack/logger.rb:38:in `call_app'
[8ffaf737-215d-4b8f-9cab-8cdc7bf9ded0] /home/nyanhacker/.bundle/ruby/2.5.0/rails-daa325b7b77d/railties/lib/rails/rack/logger.rb:26:in `block in call'
[8ffaf737-215d-4b8f-9cab-8cdc7bf9ded0] /home/nyanhacker/.bundle/ruby/2.5.0/rails-daa325b7b77d/activesupport/lib/active_support/tagged_logging.rb:71:in `block in tagged'
[8ffaf737-215d-4b8f-9cab-8cdc7bf9ded0] /home/nyanhacker/.bundle/ruby/2.5.0/rails-daa325b7b77d/activesupport/lib/active_support/tagged_logging.rb:28:in `tagged'
[8ffaf737-215d-4b8f-9cab-8cdc7bf9ded0] /home/nyanhacker/.bundle/ruby/2.5.0/rails-daa325b7b77d/activesupport/lib/active_support/tagged_logging.rb:71:in `tagged'
[8ffaf737-215d-4b8f-9cab-8cdc7bf9ded0] /home/nyanhacker/.bundle/ruby/2.5.0/rails-daa325b7b77d/railties/lib/rails/rack/logger.rb:26:in `call'
[8ffaf737-215d-4b8f-9cab-8cdc7bf9ded0] /home/nyanhacker/.bundle/ruby/2.5.0/rails-daa325b7b77d/actionpack/lib/action_dispatch/middleware/remote_ip.rb:81:in `call'
[8ffaf737-215d-4b8f-9cab-8cdc7bf9ded0] /home/nyanhacker/.bundle/ruby/2.5.0/rails-daa325b7b77d/actionpack/lib/action_dispatch/middleware/request_id.rb:27:in `call'
[8ffaf737-215d-4b8f-9cab-8cdc7bf9ded0] rack (2.0.5) lib/rack/method_override.rb:22:in `call'
[8ffaf737-215d-4b8f-9cab-8cdc7bf9ded0] rack (2.0.5) lib/rack/runtime.rb:22:in `call'
[8ffaf737-215d-4b8f-9cab-8cdc7bf9ded0] /home/nyanhacker/.bundle/ruby/2.5.0/rails-daa325b7b77d/activesupport/lib/active_support/cache/strategy/local_cache_middleware.rb:29:in `call'
[8ffaf737-215d-4b8f-9cab-8cdc7bf9ded0] /home/nyanhacker/.bundle/ruby/2.5.0/rails-daa325b7b77d/actionpack/lib/action_dispatch/middleware/executor.rb:14:in `call'
[8ffaf737-215d-4b8f-9cab-8cdc7bf9ded0] rack (2.0.5) lib/rack/sendfile.rb:111:in `call'
[8ffaf737-215d-4b8f-9cab-8cdc7bf9ded0] /home/nyanhacker/.bundle/ruby/2.5.0/rails-daa325b7b77d/railties/lib/rails/engine.rb:524:in `call'
[8ffaf737-215d-4b8f-9cab-8cdc7bf9ded0] puma (3.12.0) lib/puma/configuration.rb:225:in `call'
[8ffaf737-215d-4b8f-9cab-8cdc7bf9ded0] puma (3.12.0) lib/puma/server.rb:658:in `handle_request'
[8ffaf737-215d-4b8f-9cab-8cdc7bf9ded0] puma (3.12.0) lib/puma/server.rb:472:in `process_client'
[8ffaf737-215d-4b8f-9cab-8cdc7bf9ded0] puma (3.12.0) lib/puma/server.rb:332:in `block in run'
[8ffaf737-215d-4b8f-9cab-8cdc7bf9ded0] puma (3.12.0) lib/puma/thread_pool.rb:133:in `block in spawn_thread'
I, [2018-10-30T22:22:19.033530 #15019]  INFO -- : [9d9724d2-021f-4770-9f24-38e9e3b03b0f] Started GET "/favicon.ico" for 127.0.0.1 at 2018-10-30 22:22:19 +0700
F, [2018-10-30T22:22:19.034372 #15019] FATAL -- : [9d9724d2-021f-4770-9f24-38e9e3b03b0f]   
F, [2018-10-30T22:22:19.034462 #15019] FATAL -- : [9d9724d2-021f-4770-9f24-38e9e3b03b0f] ActionController::RoutingError (No route matches [GET] "/favicon.ico"):
F, [2018-10-30T22:22:19.034534 #15019] FATAL -- : [9d9724d2-021f-4770-9f24-38e9e3b03b0f]   
F, [2018-10-30T22:22:19.034601 #15019] FATAL -- : [9d9724d2-021f-4770-9f24-38e9e3b03b0f] /home/nyanhacker/.bundle/ruby/2.5.0/rails-daa325b7b77d/actionpack/lib/action_dispatch/middleware/debug_exceptions.rb:65:in `call'
[9d9724d2-021f-4770-9f24-38e9e3b03b0f] /home/nyanhacker/.bundle/ruby/2.5.0/rails-daa325b7b77d/actionpack/lib/action_dispatch/middleware/show_exceptions.rb:33:in `call'
[9d9724d2-021f-4770-9f24-38e9e3b03b0f] /home/nyanhacker/.bundle/ruby/2.5.0/rails-daa325b7b77d/railties/lib/rails/rack/logger.rb:38:in `call_app'
[9d9724d2-021f-4770-9f24-38e9e3b03b0f] /home/nyanhacker/.bundle/ruby/2.5.0/rails-daa325b7b77d/railties/lib/rails/rack/logger.rb:26:in `block in call'
[9d9724d2-021f-4770-9f24-38e9e3b03b0f] /home/nyanhacker/.bundle/ruby/2.5.0/rails-daa325b7b77d/activesupport/lib/active_support/tagged_logging.rb:71:in `block in tagged'
[9d9724d2-021f-4770-9f24-38e9e3b03b0f] /home/nyanhacker/.bundle/ruby/2.5.0/rails-daa325b7b77d/activesupport/lib/active_support/tagged_logging.rb:28:in `tagged'
[9d9724d2-021f-4770-9f24-38e9e3b03b0f] /home/nyanhacker/.bundle/ruby/2.5.0/rails-daa325b7b77d/activesupport/lib/active_support/tagged_logging.rb:71:in `tagged'
[9d9724d2-021f-4770-9f24-38e9e3b03b0f] /home/nyanhacker/.bundle/ruby/2.5.0/rails-daa325b7b77d/railties/lib/rails/rack/logger.rb:26:in `call'
[9d9724d2-021f-4770-9f24-38e9e3b03b0f] /home/nyanhacker/.bundle/ruby/2.5.0/rails-daa325b7b77d/actionpack/lib/action_dispatch/middleware/remote_ip.rb:81:in `call'
[9d9724d2-021f-4770-9f24-38e9e3b03b0f] /home/nyanhacker/.bundle/ruby/2.5.0/rails-daa325b7b77d/actionpack/lib/action_dispatch/middleware/request_id.rb:27:in `call'
[9d9724d2-021f-4770-9f24-38e9e3b03b0f] rack (2.0.5) lib/rack/method_override.rb:22:in `call'
[9d9724d2-021f-4770-9f24-38e9e3b03b0f] rack (2.0.5) lib/rack/runtime.rb:22:in `call'
[9d9724d2-021f-4770-9f24-38e9e3b03b0f] /home/nyanhacker/.bundle/ruby/2.5.0/rails-daa325b7b77d/activesupport/lib/active_support/cache/strategy/local_cache_middleware.rb:29:in `call'
[9d9724d2-021f-4770-9f24-38e9e3b03b0f] /home/nyanhacker/.bundle/ruby/2.5.0/rails-daa325b7b77d/actionpack/lib/action_dispatch/middleware/executor.rb:14:in `call'
[9d9724d2-021f-4770-9f24-38e9e3b03b0f] rack (2.0.5) lib/rack/sendfile.rb:111:in `call'
[9d9724d2-021f-4770-9f24-38e9e3b03b0f] /home/nyanhacker/.bundle/ruby/2.5.0/rails-daa325b7b77d/railties/lib/rails/engine.rb:524:in `call'
[9d9724d2-021f-4770-9f24-38e9e3b03b0f] puma (3.12.0) lib/puma/configuration.rb:225:in `call'
[9d9724d2-021f-4770-9f24-38e9e3b03b0f] puma (3.12.0) lib/puma/server.rb:658:in `handle_request'
[9d9724d2-021f-4770-9f24-38e9e3b03b0f] puma (3.12.0) lib/puma/server.rb:472:in `process_client'
[9d9724d2-021f-4770-9f24-38e9e3b03b0f] puma (3.12.0) lib/puma/server.rb:332:in `block in run'
[9d9724d2-021f-4770-9f24-38e9e3b03b0f] puma (3.12.0) lib/puma/thread_pool.rb:133:in `block in spawn_thread'
I, [2018-10-30T22:22:23.890043 #15019]  INFO -- : [6a3397c8-5502-4095-956b-bdd1e633ba46] Started GET "/" for 127.0.0.1 at 2018-10-30 22:22:23 +0700
I, [2018-10-30T22:22:23.890465 #15019]  INFO -- : [6a3397c8-5502-4095-956b-bdd1e633ba46] Processing by ConstructingController#index as HTML
I, [2018-10-30T22:22:23.891127 #15019]  INFO -- : [6a3397c8-5502-4095-956b-bdd1e633ba46]   Rendering constructing/index.html.erb within layouts/application
I, [2018-10-30T22:22:23.891220 #15019]  INFO -- : [6a3397c8-5502-4095-956b-bdd1e633ba46]   Rendered constructing/index.html.erb within layouts/application (0.0ms)
I, [2018-10-30T22:22:23.891906 #15019]  INFO -- : [6a3397c8-5502-4095-956b-bdd1e633ba46] Completed 500 Internal Server Error in 1ms
F, [2018-10-30T22:22:23.892381 #15019] FATAL -- : [6a3397c8-5502-4095-956b-bdd1e633ba46]   
F, [2018-10-30T22:22:23.892421 #15019] FATAL -- : [6a3397c8-5502-4095-956b-bdd1e633ba46] ActionView::Template::Error (The asset "application.css" is not present in the asset pipeline.):
F, [2018-10-30T22:22:23.892490 #15019] FATAL -- : [6a3397c8-5502-4095-956b-bdd1e633ba46]      5:     <%= csrf_meta_tags %>
[6a3397c8-5502-4095-956b-bdd1e633ba46]      6:     <%= csp_meta_tag %>
[6a3397c8-5502-4095-956b-bdd1e633ba46]      7: 
[6a3397c8-5502-4095-956b-bdd1e633ba46]      8:     <%= stylesheet_link_tag    'application', media: 'all', 'data-turbolinks-track': 'reload' %>
[6a3397c8-5502-4095-956b-bdd1e633ba46]      9:     <%= javascript_include_tag 'application', 'data-turbolinks-track': 'reload' %>
[6a3397c8-5502-4095-956b-bdd1e633ba46]     10:     <%= javascript_pack_tag 'application' %>
[6a3397c8-5502-4095-956b-bdd1e633ba46]     11:   </head>
F, [2018-10-30T22:22:23.892511 #15019] FATAL -- : [6a3397c8-5502-4095-956b-bdd1e633ba46]   
F, [2018-10-30T22:22:23.892536 #15019] FATAL -- : [6a3397c8-5502-4095-956b-bdd1e633ba46] app/views/layouts/application.html.erb:8:in `_app_views_layouts_application_html_erb___2952965923599206106_69848113761040'
I, [2018-10-30T22:22:23.913915 #15019]  INFO -- : [4637ff3b-7f0b-4d61-96db-1243f2b0a2a3] Started GET "/favicon.ico" for 127.0.0.1 at 2018-10-30 22:22:23 +0700
F, [2018-10-30T22:22:23.914482 #15019] FATAL -- : [4637ff3b-7f0b-4d61-96db-1243f2b0a2a3]   
F, [2018-10-30T22:22:23.914541 #15019] FATAL -- : [4637ff3b-7f0b-4d61-96db-1243f2b0a2a3] ActionController::RoutingError (No route matches [GET] "/favicon.ico"):
F, [2018-10-30T22:22:23.914565 #15019] FATAL -- : [4637ff3b-7f0b-4d61-96db-1243f2b0a2a3]   
F, [2018-10-30T22:22:23.914602 #15019] FATAL -- : [4637ff3b-7f0b-4d61-96db-1243f2b0a2a3] /home/nyanhacker/.bundle/ruby/2.5.0/rails-daa325b7b77d/actionpack/lib/action_dispatch/middleware/debug_exceptions.rb:65:in `call'
[4637ff3b-7f0b-4d61-96db-1243f2b0a2a3] /home/nyanhacker/.bundle/ruby/2.5.0/rails-daa325b7b77d/actionpack/lib/action_dispatch/middleware/show_exceptions.rb:33:in `call'
[4637ff3b-7f0b-4d61-96db-1243f2b0a2a3] /home/nyanhacker/.bundle/ruby/2.5.0/rails-daa325b7b77d/railties/lib/rails/rack/logger.rb:38:in `call_app'
[4637ff3b-7f0b-4d61-96db-1243f2b0a2a3] /home/nyanhacker/.bundle/ruby/2.5.0/rails-daa325b7b77d/railties/lib/rails/rack/logger.rb:26:in `block in call'
[4637ff3b-7f0b-4d61-96db-1243f2b0a2a3] /home/nyanhacker/.bundle/ruby/2.5.0/rails-daa325b7b77d/activesupport/lib/active_support/tagged_logging.rb:71:in `block in tagged'
[4637ff3b-7f0b-4d61-96db-1243f2b0a2a3] /home/nyanhacker/.bundle/ruby/2.5.0/rails-daa325b7b77d/activesupport/lib/active_support/tagged_logging.rb:28:in `tagged'
[4637ff3b-7f0b-4d61-96db-1243f2b0a2a3] /home/nyanhacker/.bundle/ruby/2.5.0/rails-daa325b7b77d/activesupport/lib/active_support/tagged_logging.rb:71:in `tagged'
[4637ff3b-7f0b-4d61-96db-1243f2b0a2a3] /home/nyanhacker/.bundle/ruby/2.5.0/rails-daa325b7b77d/railties/lib/rails/rack/logger.rb:26:in `call'
[4637ff3b-7f0b-4d61-96db-1243f2b0a2a3] /home/nyanhacker/.bundle/ruby/2.5.0/rails-daa325b7b77d/actionpack/lib/action_dispatch/middleware/remote_ip.rb:81:in `call'
[4637ff3b-7f0b-4d61-96db-1243f2b0a2a3] /home/nyanhacker/.bundle/ruby/2.5.0/rails-daa325b7b77d/actionpack/lib/action_dispatch/middleware/request_id.rb:27:in `call'
[4637ff3b-7f0b-4d61-96db-1243f2b0a2a3] rack (2.0.5) lib/rack/method_override.rb:22:in `call'
[4637ff3b-7f0b-4d61-96db-1243f2b0a2a3] rack (2.0.5) lib/rack/runtime.rb:22:in `call'
[4637ff3b-7f0b-4d61-96db-1243f2b0a2a3] /home/nyanhacker/.bundle/ruby/2.5.0/rails-daa325b7b77d/activesupport/lib/active_support/cache/strategy/local_cache_middleware.rb:29:in `call'
[4637ff3b-7f0b-4d61-96db-1243f2b0a2a3] /home/nyanhacker/.bundle/ruby/2.5.0/rails-daa325b7b77d/actionpack/lib/action_dispatch/middleware/executor.rb:14:in `call'
[4637ff3b-7f0b-4d61-96db-1243f2b0a2a3] rack (2.0.5) lib/rack/sendfile.rb:111:in `call'
[4637ff3b-7f0b-4d61-96db-1243f2b0a2a3] /home/nyanhacker/.bundle/ruby/2.5.0/rails-daa325b7b77d/railties/lib/rails/engine.rb:524:in `call'
[4637ff3b-7f0b-4d61-96db-1243f2b0a2a3] puma (3.12.0) lib/puma/configuration.rb:225:in `call'
[4637ff3b-7f0b-4d61-96db-1243f2b0a2a3] puma (3.12.0) lib/puma/server.rb:658:in `handle_request'
[4637ff3b-7f0b-4d61-96db-1243f2b0a2a3] puma (3.12.0) lib/puma/server.rb:472:in `process_client'
[4637ff3b-7f0b-4d61-96db-1243f2b0a2a3] puma (3.12.0) lib/puma/server.rb:332:in `block in run'
[4637ff3b-7f0b-4d61-96db-1243f2b0a2a3] puma (3.12.0) lib/puma/thread_pool.rb:133:in `block in spawn_thread'
I, [2018-10-30T22:26:14.868878 #16631]  INFO -- : [9e3f657a-07a4-4640-ad20-53df31f12fc2] Started GET "/" for 127.0.0.1 at 2018-10-30 22:26:14 +0700
I, [2018-10-30T22:26:14.869476 #16631]  INFO -- : [9e3f657a-07a4-4640-ad20-53df31f12fc2] Processing by ConstructingController#index as HTML
I, [2018-10-30T22:26:14.874991 #16631]  INFO -- : [9e3f657a-07a4-4640-ad20-53df31f12fc2]   Rendering constructing/index.html.erb within layouts/application
I, [2018-10-30T22:26:14.875529 #16631]  INFO -- : [9e3f657a-07a4-4640-ad20-53df31f12fc2]   Rendered constructing/index.html.erb within layouts/application (0.4ms)
I, [2018-10-30T22:26:14.876807 #16631]  INFO -- : [9e3f657a-07a4-4640-ad20-53df31f12fc2] Completed 500 Internal Server Error in 7ms
F, [2018-10-30T22:26:14.877384 #16631] FATAL -- : [9e3f657a-07a4-4640-ad20-53df31f12fc2]   
F, [2018-10-30T22:26:14.877424 #16631] FATAL -- : [9e3f657a-07a4-4640-ad20-53df31f12fc2] ActionView::Template::Error (The asset "application.css" is not present in the asset pipeline.):
F, [2018-10-30T22:26:14.877489 #16631] FATAL -- : [9e3f657a-07a4-4640-ad20-53df31f12fc2]      5:     <%= csrf_meta_tags %>
[9e3f657a-07a4-4640-ad20-53df31f12fc2]      6:     <%= csp_meta_tag %>
[9e3f657a-07a4-4640-ad20-53df31f12fc2]      7: 
[9e3f657a-07a4-4640-ad20-53df31f12fc2]      8:     <%= stylesheet_link_tag    'application', media: 'all', 'data-turbolinks-track': 'reload' %>
[9e3f657a-07a4-4640-ad20-53df31f12fc2]      9:     <%= javascript_include_tag 'application', 'data-turbolinks-track': 'reload' %>
[9e3f657a-07a4-4640-ad20-53df31f12fc2]     10:     <%= javascript_pack_tag 'application' %>
[9e3f657a-07a4-4640-ad20-53df31f12fc2]     11:   </head>
F, [2018-10-30T22:26:14.877518 #16631] FATAL -- : [9e3f657a-07a4-4640-ad20-53df31f12fc2]   
F, [2018-10-30T22:26:14.877536 #16631] FATAL -- : [9e3f657a-07a4-4640-ad20-53df31f12fc2] app/views/layouts/application.html.erb:8:in `_app_views_layouts_application_html_erb___2647921063711811766_70211004942960'
I, [2018-10-30T22:26:14.897294 #16631]  INFO -- : [09077e80-6894-46de-9a92-98ed4bc5516d] Started GET "/favicon.ico" for 127.0.0.1 at 2018-10-30 22:26:14 +0700
F, [2018-10-30T22:26:14.897675 #16631] FATAL -- : [09077e80-6894-46de-9a92-98ed4bc5516d]   
F, [2018-10-30T22:26:14.897712 #16631] FATAL -- : [09077e80-6894-46de-9a92-98ed4bc5516d] ActionController::RoutingError (No route matches [GET] "/favicon.ico"):
F, [2018-10-30T22:26:14.897736 #16631] FATAL -- : [09077e80-6894-46de-9a92-98ed4bc5516d]   
F, [2018-10-30T22:26:14.897757 #16631] FATAL -- : [09077e80-6894-46de-9a92-98ed4bc5516d] /home/nyanhacker/.bundle/ruby/2.5.0/rails-daa325b7b77d/actionpack/lib/action_dispatch/middleware/debug_exceptions.rb:65:in `call'
[09077e80-6894-46de-9a92-98ed4bc5516d] /home/nyanhacker/.bundle/ruby/2.5.0/rails-daa325b7b77d/actionpack/lib/action_dispatch/middleware/show_exceptions.rb:33:in `call'
[09077e80-6894-46de-9a92-98ed4bc5516d] /home/nyanhacker/.bundle/ruby/2.5.0/rails-daa325b7b77d/railties/lib/rails/rack/logger.rb:38:in `call_app'
[09077e80-6894-46de-9a92-98ed4bc5516d] /home/nyanhacker/.bundle/ruby/2.5.0/rails-daa325b7b77d/railties/lib/rails/rack/logger.rb:26:in `block in call'
[09077e80-6894-46de-9a92-98ed4bc5516d] /home/nyanhacker/.bundle/ruby/2.5.0/rails-daa325b7b77d/activesupport/lib/active_support/tagged_logging.rb:71:in `block in tagged'
[09077e80-6894-46de-9a92-98ed4bc5516d] /home/nyanhacker/.bundle/ruby/2.5.0/rails-daa325b7b77d/activesupport/lib/active_support/tagged_logging.rb:28:in `tagged'
[09077e80-6894-46de-9a92-98ed4bc5516d] /home/nyanhacker/.bundle/ruby/2.5.0/rails-daa325b7b77d/activesupport/lib/active_support/tagged_logging.rb:71:in `tagged'
[09077e80-6894-46de-9a92-98ed4bc5516d] /home/nyanhacker/.bundle/ruby/2.5.0/rails-daa325b7b77d/railties/lib/rails/rack/logger.rb:26:in `call'
[09077e80-6894-46de-9a92-98ed4bc5516d] /home/nyanhacker/.bundle/ruby/2.5.0/rails-daa325b7b77d/actionpack/lib/action_dispatch/middleware/remote_ip.rb:81:in `call'
[09077e80-6894-46de-9a92-98ed4bc5516d] /home/nyanhacker/.bundle/ruby/2.5.0/rails-daa325b7b77d/actionpack/lib/action_dispatch/middleware/request_id.rb:27:in `call'
[09077e80-6894-46de-9a92-98ed4bc5516d] rack (2.0.5) lib/rack/method_override.rb:22:in `call'
[09077e80-6894-46de-9a92-98ed4bc5516d] rack (2.0.5) lib/rack/runtime.rb:22:in `call'
[09077e80-6894-46de-9a92-98ed4bc5516d] /home/nyanhacker/.bundle/ruby/2.5.0/rails-daa325b7b77d/activesupport/lib/active_support/cache/strategy/local_cache_middleware.rb:29:in `call'
[09077e80-6894-46de-9a92-98ed4bc5516d] /home/nyanhacker/.bundle/ruby/2.5.0/rails-daa325b7b77d/actionpack/lib/action_dispatch/middleware/executor.rb:14:in `call'
[09077e80-6894-46de-9a92-98ed4bc5516d] rack (2.0.5) lib/rack/sendfile.rb:111:in `call'
[09077e80-6894-46de-9a92-98ed4bc5516d] /home/nyanhacker/.bundle/ruby/2.5.0/rails-daa325b7b77d/railties/lib/rails/engine.rb:524:in `call'
[09077e80-6894-46de-9a92-98ed4bc5516d] puma (3.12.0) lib/puma/configuration.rb:225:in `call'
[09077e80-6894-46de-9a92-98ed4bc5516d] puma (3.12.0) lib/puma/server.rb:658:in `handle_request'
[09077e80-6894-46de-9a92-98ed4bc5516d] puma (3.12.0) lib/puma/server.rb:472:in `process_client'
[09077e80-6894-46de-9a92-98ed4bc5516d] puma (3.12.0) lib/puma/server.rb:332:in `block in run'
[09077e80-6894-46de-9a92-98ed4bc5516d] puma (3.12.0) lib/puma/thread_pool.rb:133:in `block in spawn_thread'
I, [2018-10-30T22:32:07.176364 #18559]  INFO -- : [531b7d01-6a21-4c9a-96aa-26a5b58d8b06] Started GET "/" for 127.0.0.1 at 2018-10-30 22:32:07 +0700
I, [2018-10-30T22:32:07.176859 #18559]  INFO -- : [531b7d01-6a21-4c9a-96aa-26a5b58d8b06] Processing by ConstructingController#index as HTML
I, [2018-10-30T22:32:07.181219 #18559]  INFO -- : [531b7d01-6a21-4c9a-96aa-26a5b58d8b06]   Rendering constructing/index.html.erb within layouts/application
I, [2018-10-30T22:32:07.181558 #18559]  INFO -- : [531b7d01-6a21-4c9a-96aa-26a5b58d8b06]   Rendered constructing/index.html.erb within layouts/application (0.3ms)
I, [2018-10-30T22:32:07.182378 #18559]  INFO -- : [531b7d01-6a21-4c9a-96aa-26a5b58d8b06] Completed 500 Internal Server Error in 5ms
F, [2018-10-30T22:32:07.182815 #18559] FATAL -- : [531b7d01-6a21-4c9a-96aa-26a5b58d8b06]   
F, [2018-10-30T22:32:07.182844 #18559] FATAL -- : [531b7d01-6a21-4c9a-96aa-26a5b58d8b06] ActionView::Template::Error (The asset "application.css" is not present in the asset pipeline.):
F, [2018-10-30T22:32:07.182904 #18559] FATAL -- : [531b7d01-6a21-4c9a-96aa-26a5b58d8b06]      5:     <%= csrf_meta_tags %>
[531b7d01-6a21-4c9a-96aa-26a5b58d8b06]      6:     <%= csp_meta_tag %>
[531b7d01-6a21-4c9a-96aa-26a5b58d8b06]      7: 
[531b7d01-6a21-4c9a-96aa-26a5b58d8b06]      8:     <%= stylesheet_link_tag    'application', media: 'all', 'data-turbolinks-track': 'reload' %>
[531b7d01-6a21-4c9a-96aa-26a5b58d8b06]      9:     <%= javascript_include_tag 'application', 'data-turbolinks-track': 'reload' %>
[531b7d01-6a21-4c9a-96aa-26a5b58d8b06]     10:     <%= javascript_pack_tag 'application' %>
[531b7d01-6a21-4c9a-96aa-26a5b58d8b06]     11:   </head>
F, [2018-10-30T22:32:07.182927 #18559] FATAL -- : [531b7d01-6a21-4c9a-96aa-26a5b58d8b06]   
F, [2018-10-30T22:32:07.182946 #18559] FATAL -- : [531b7d01-6a21-4c9a-96aa-26a5b58d8b06] app/views/layouts/application.html.erb:8:in `_app_views_layouts_application_html_erb__1063885843223773137_70093799321860'
I, [2018-10-30T22:32:07.196213 #18559]  INFO -- : [d9e661f0-5fbe-40cd-b5e8-6ce1dab62d0b] Started GET "/favicon.ico" for 127.0.0.1 at 2018-10-30 22:32:07 +0700
F, [2018-10-30T22:32:07.196591 #18559] FATAL -- : [d9e661f0-5fbe-40cd-b5e8-6ce1dab62d0b]   
F, [2018-10-30T22:32:07.196626 #18559] FATAL -- : [d9e661f0-5fbe-40cd-b5e8-6ce1dab62d0b] ActionController::RoutingError (No route matches [GET] "/favicon.ico"):
F, [2018-10-30T22:32:07.196645 #18559] FATAL -- : [d9e661f0-5fbe-40cd-b5e8-6ce1dab62d0b]   
F, [2018-10-30T22:32:07.196666 #18559] FATAL -- : [d9e661f0-5fbe-40cd-b5e8-6ce1dab62d0b] /home/nyanhacker/.bundle/ruby/2.5.0/rails-daa325b7b77d/actionpack/lib/action_dispatch/middleware/debug_exceptions.rb:65:in `call'
[d9e661f0-5fbe-40cd-b5e8-6ce1dab62d0b] /home/nyanhacker/.bundle/ruby/2.5.0/rails-daa325b7b77d/actionpack/lib/action_dispatch/middleware/show_exceptions.rb:33:in `call'
[d9e661f0-5fbe-40cd-b5e8-6ce1dab62d0b] /home/nyanhacker/.bundle/ruby/2.5.0/rails-daa325b7b77d/railties/lib/rails/rack/logger.rb:38:in `call_app'
[d9e661f0-5fbe-40cd-b5e8-6ce1dab62d0b] /home/nyanhacker/.bundle/ruby/2.5.0/rails-daa325b7b77d/railties/lib/rails/rack/logger.rb:26:in `block in call'
[d9e661f0-5fbe-40cd-b5e8-6ce1dab62d0b] /home/nyanhacker/.bundle/ruby/2.5.0/rails-daa325b7b77d/activesupport/lib/active_support/tagged_logging.rb:71:in `block in tagged'
[d9e661f0-5fbe-40cd-b5e8-6ce1dab62d0b] /home/nyanhacker/.bundle/ruby/2.5.0/rails-daa325b7b77d/activesupport/lib/active_support/tagged_logging.rb:28:in `tagged'
[d9e661f0-5fbe-40cd-b5e8-6ce1dab62d0b] /home/nyanhacker/.bundle/ruby/2.5.0/rails-daa325b7b77d/activesupport/lib/active_support/tagged_logging.rb:71:in `tagged'
[d9e661f0-5fbe-40cd-b5e8-6ce1dab62d0b] /home/nyanhacker/.bundle/ruby/2.5.0/rails-daa325b7b77d/railties/lib/rails/rack/logger.rb:26:in `call'
[d9e661f0-5fbe-40cd-b5e8-6ce1dab62d0b] /home/nyanhacker/.bundle/ruby/2.5.0/rails-daa325b7b77d/actionpack/lib/action_dispatch/middleware/remote_ip.rb:81:in `call'
[d9e661f0-5fbe-40cd-b5e8-6ce1dab62d0b] /home/nyanhacker/.bundle/ruby/2.5.0/rails-daa325b7b77d/actionpack/lib/action_dispatch/middleware/request_id.rb:27:in `call'
[d9e661f0-5fbe-40cd-b5e8-6ce1dab62d0b] rack (2.0.5) lib/rack/method_override.rb:22:in `call'
[d9e661f0-5fbe-40cd-b5e8-6ce1dab62d0b] rack (2.0.5) lib/rack/runtime.rb:22:in `call'
[d9e661f0-5fbe-40cd-b5e8-6ce1dab62d0b] /home/nyanhacker/.bundle/ruby/2.5.0/rails-daa325b7b77d/activesupport/lib/active_support/cache/strategy/local_cache_middleware.rb:29:in `call'
[d9e661f0-5fbe-40cd-b5e8-6ce1dab62d0b] /home/nyanhacker/.bundle/ruby/2.5.0/rails-daa325b7b77d/actionpack/lib/action_dispatch/middleware/executor.rb:14:in `call'
[d9e661f0-5fbe-40cd-b5e8-6ce1dab62d0b] rack (2.0.5) lib/rack/sendfile.rb:111:in `call'
[d9e661f0-5fbe-40cd-b5e8-6ce1dab62d0b] /home/nyanhacker/.bundle/ruby/2.5.0/rails-daa325b7b77d/railties/lib/rails/engine.rb:524:in `call'
[d9e661f0-5fbe-40cd-b5e8-6ce1dab62d0b] puma (3.12.0) lib/puma/configuration.rb:225:in `call'
[d9e661f0-5fbe-40cd-b5e8-6ce1dab62d0b] puma (3.12.0) lib/puma/server.rb:658:in `handle_request'
[d9e661f0-5fbe-40cd-b5e8-6ce1dab62d0b] puma (3.12.0) lib/puma/server.rb:472:in `process_client'
[d9e661f0-5fbe-40cd-b5e8-6ce1dab62d0b] puma (3.12.0) lib/puma/server.rb:332:in `block in run'
[d9e661f0-5fbe-40cd-b5e8-6ce1dab62d0b] puma (3.12.0) lib/puma/thread_pool.rb:133:in `block in spawn_thread'
I, [2018-10-30T22:32:09.659380 #18559]  INFO -- : [5256a87c-1459-4f0e-aaa6-da1aa8c6a443] Started GET "/" for 127.0.0.1 at 2018-10-30 22:32:09 +0700
I, [2018-10-30T22:32:09.659799 #18559]  INFO -- : [5256a87c-1459-4f0e-aaa6-da1aa8c6a443] Processing by ConstructingController#index as HTML
I, [2018-10-30T22:32:09.660472 #18559]  INFO -- : [5256a87c-1459-4f0e-aaa6-da1aa8c6a443]   Rendering constructing/index.html.erb within layouts/application
I, [2018-10-30T22:32:09.660595 #18559]  INFO -- : [5256a87c-1459-4f0e-aaa6-da1aa8c6a443]   Rendered constructing/index.html.erb within layouts/application (0.1ms)
I, [2018-10-30T22:32:09.661192 #18559]  INFO -- : [5256a87c-1459-4f0e-aaa6-da1aa8c6a443] Completed 500 Internal Server Error in 1ms
F, [2018-10-30T22:32:09.661620 #18559] FATAL -- : [5256a87c-1459-4f0e-aaa6-da1aa8c6a443]   
F, [2018-10-30T22:32:09.661647 #18559] FATAL -- : [5256a87c-1459-4f0e-aaa6-da1aa8c6a443] ActionView::Template::Error (The asset "application.css" is not present in the asset pipeline.):
F, [2018-10-30T22:32:09.661703 #18559] FATAL -- : [5256a87c-1459-4f0e-aaa6-da1aa8c6a443]      5:     <%= csrf_meta_tags %>
[5256a87c-1459-4f0e-aaa6-da1aa8c6a443]      6:     <%= csp_meta_tag %>
[5256a87c-1459-4f0e-aaa6-da1aa8c6a443]      7: 
[5256a87c-1459-4f0e-aaa6-da1aa8c6a443]      8:     <%= stylesheet_link_tag    'application', media: 'all', 'data-turbolinks-track': 'reload' %>
[5256a87c-1459-4f0e-aaa6-da1aa8c6a443]      9:     <%= javascript_include_tag 'application', 'data-turbolinks-track': 'reload' %>
[5256a87c-1459-4f0e-aaa6-da1aa8c6a443]     10:     <%= javascript_pack_tag 'application' %>
[5256a87c-1459-4f0e-aaa6-da1aa8c6a443]     11:   </head>
F, [2018-10-30T22:32:09.661723 #18559] FATAL -- : [5256a87c-1459-4f0e-aaa6-da1aa8c6a443]   
F, [2018-10-30T22:32:09.661743 #18559] FATAL -- : [5256a87c-1459-4f0e-aaa6-da1aa8c6a443] app/views/layouts/application.html.erb:8:in `_app_views_layouts_application_html_erb__1063885843223773137_70093799321860'
I, [2018-10-30T22:32:09.678374 #18559]  INFO -- : [e38c7c94-e048-42e0-8136-e60a594ecded] Started GET "/favicon.ico" for 127.0.0.1 at 2018-10-30 22:32:09 +0700
F, [2018-10-30T22:32:09.678731 #18559] FATAL -- : [e38c7c94-e048-42e0-8136-e60a594ecded]   
F, [2018-10-30T22:32:09.678767 #18559] FATAL -- : [e38c7c94-e048-42e0-8136-e60a594ecded] ActionController::RoutingError (No route matches [GET] "/favicon.ico"):
F, [2018-10-30T22:32:09.678796 #18559] FATAL -- : [e38c7c94-e048-42e0-8136-e60a594ecded]   
F, [2018-10-30T22:32:09.678827 #18559] FATAL -- : [e38c7c94-e048-42e0-8136-e60a594ecded] /home/nyanhacker/.bundle/ruby/2.5.0/rails-daa325b7b77d/actionpack/lib/action_dispatch/middleware/debug_exceptions.rb:65:in `call'
[e38c7c94-e048-42e0-8136-e60a594ecded] /home/nyanhacker/.bundle/ruby/2.5.0/rails-daa325b7b77d/actionpack/lib/action_dispatch/middleware/show_exceptions.rb:33:in `call'
[e38c7c94-e048-42e0-8136-e60a594ecded] /home/nyanhacker/.bundle/ruby/2.5.0/rails-daa325b7b77d/railties/lib/rails/rack/logger.rb:38:in `call_app'
[e38c7c94-e048-42e0-8136-e60a594ecded] /home/nyanhacker/.bundle/ruby/2.5.0/rails-daa325b7b77d/railties/lib/rails/rack/logger.rb:26:in `block in call'
[e38c7c94-e048-42e0-8136-e60a594ecded] /home/nyanhacker/.bundle/ruby/2.5.0/rails-daa325b7b77d/activesupport/lib/active_support/tagged_logging.rb:71:in `block in tagged'
[e38c7c94-e048-42e0-8136-e60a594ecded] /home/nyanhacker/.bundle/ruby/2.5.0/rails-daa325b7b77d/activesupport/lib/active_support/tagged_logging.rb:28:in `tagged'
[e38c7c94-e048-42e0-8136-e60a594ecded] /home/nyanhacker/.bundle/ruby/2.5.0/rails-daa325b7b77d/activesupport/lib/active_support/tagged_logging.rb:71:in `tagged'
[e38c7c94-e048-42e0-8136-e60a594ecded] /home/nyanhacker/.bundle/ruby/2.5.0/rails-daa325b7b77d/railties/lib/rails/rack/logger.rb:26:in `call'
[e38c7c94-e048-42e0-8136-e60a594ecded] /home/nyanhacker/.bundle/ruby/2.5.0/rails-daa325b7b77d/actionpack/lib/action_dispatch/middleware/remote_ip.rb:81:in `call'
[e38c7c94-e048-42e0-8136-e60a594ecded] /home/nyanhacker/.bundle/ruby/2.5.0/rails-daa325b7b77d/actionpack/lib/action_dispatch/middleware/request_id.rb:27:in `call'
[e38c7c94-e048-42e0-8136-e60a594ecded] rack (2.0.5) lib/rack/method_override.rb:22:in `call'
[e38c7c94-e048-42e0-8136-e60a594ecded] rack (2.0.5) lib/rack/runtime.rb:22:in `call'
[e38c7c94-e048-42e0-8136-e60a594ecded] /home/nyanhacker/.bundle/ruby/2.5.0/rails-daa325b7b77d/activesupport/lib/active_support/cache/strategy/local_cache_middleware.rb:29:in `call'
[e38c7c94-e048-42e0-8136-e60a594ecded] /home/nyanhacker/.bundle/ruby/2.5.0/rails-daa325b7b77d/actionpack/lib/action_dispatch/middleware/executor.rb:14:in `call'
[e38c7c94-e048-42e0-8136-e60a594ecded] rack (2.0.5) lib/rack/sendfile.rb:111:in `call'
[e38c7c94-e048-42e0-8136-e60a594ecded] /home/nyanhacker/.bundle/ruby/2.5.0/rails-daa325b7b77d/railties/lib/rails/engine.rb:524:in `call'
[e38c7c94-e048-42e0-8136-e60a594ecded] puma (3.12.0) lib/puma/configuration.rb:225:in `call'
[e38c7c94-e048-42e0-8136-e60a594ecded] puma (3.12.0) lib/puma/server.rb:658:in `handle_request'
[e38c7c94-e048-42e0-8136-e60a594ecded] puma (3.12.0) lib/puma/server.rb:472:in `process_client'
[e38c7c94-e048-42e0-8136-e60a594ecded] puma (3.12.0) lib/puma/server.rb:332:in `block in run'
[e38c7c94-e048-42e0-8136-e60a594ecded] puma (3.12.0) lib/puma/thread_pool.rb:133:in `block in spawn_thread'
I, [2018-10-30T22:34:44.803950 #19768]  INFO -- : [d25d291d-9a7f-4d62-a599-0450b70fcedf] Started GET "/" for 127.0.0.1 at 2018-10-30 22:34:44 +0700
I, [2018-10-30T22:34:44.804530 #19768]  INFO -- : [d25d291d-9a7f-4d62-a599-0450b70fcedf] Processing by ConstructingController#index as HTML
I, [2018-10-30T22:34:44.809497 #19768]  INFO -- : [d25d291d-9a7f-4d62-a599-0450b70fcedf]   Rendering constructing/index.html.erb within layouts/application
I, [2018-10-30T22:34:44.809946 #19768]  INFO -- : [d25d291d-9a7f-4d62-a599-0450b70fcedf]   Rendered constructing/index.html.erb within layouts/application (0.4ms)
I, [2018-10-30T22:34:44.810909 #19768]  INFO -- : [d25d291d-9a7f-4d62-a599-0450b70fcedf] Completed 500 Internal Server Error in 6ms
F, [2018-10-30T22:34:44.811365 #19768] FATAL -- : [d25d291d-9a7f-4d62-a599-0450b70fcedf]   
F, [2018-10-30T22:34:44.811398 #19768] FATAL -- : [d25d291d-9a7f-4d62-a599-0450b70fcedf] ActionView::Template::Error (The asset "application.css" is not present in the asset pipeline.):
F, [2018-10-30T22:34:44.811469 #19768] FATAL -- : [d25d291d-9a7f-4d62-a599-0450b70fcedf]      5:     <%= csrf_meta_tags %>
[d25d291d-9a7f-4d62-a599-0450b70fcedf]      6:     <%= csp_meta_tag %>
[d25d291d-9a7f-4d62-a599-0450b70fcedf]      7: 
[d25d291d-9a7f-4d62-a599-0450b70fcedf]      8:     <%= stylesheet_link_tag    'application', media: 'all', 'data-turbolinks-track': 'reload' %>
[d25d291d-9a7f-4d62-a599-0450b70fcedf]      9:     <%= javascript_include_tag 'application', 'data-turbolinks-track': 'reload' %>
[d25d291d-9a7f-4d62-a599-0450b70fcedf]     10:     <%= javascript_pack_tag 'application' %>
[d25d291d-9a7f-4d62-a599-0450b70fcedf]     11:   </head>
F, [2018-10-30T22:34:44.811502 #19768] FATAL -- : [d25d291d-9a7f-4d62-a599-0450b70fcedf]   
F, [2018-10-30T22:34:44.811526 #19768] FATAL -- : [d25d291d-9a7f-4d62-a599-0450b70fcedf] app/views/layouts/application.html.erb:8:in `_app_views_layouts_application_html_erb___4035376360387081866_70117488740920'
I, [2018-10-30T22:34:44.830895 #19768]  INFO -- : [c7000a72-32c3-4e25-b296-988b62baba99] Started GET "/favicon.ico" for 127.0.0.1 at 2018-10-30 22:34:44 +0700
F, [2018-10-30T22:34:44.831346 #19768] FATAL -- : [c7000a72-32c3-4e25-b296-988b62baba99]   
F, [2018-10-30T22:34:44.831398 #19768] FATAL -- : [c7000a72-32c3-4e25-b296-988b62baba99] ActionController::RoutingError (No route matches [GET] "/favicon.ico"):
F, [2018-10-30T22:34:44.831419 #19768] FATAL -- : [c7000a72-32c3-4e25-b296-988b62baba99]   
F, [2018-10-30T22:34:44.831443 #19768] FATAL -- : [c7000a72-32c3-4e25-b296-988b62baba99] /home/nyanhacker/.bundle/ruby/2.5.0/rails-daa325b7b77d/actionpack/lib/action_dispatch/middleware/debug_exceptions.rb:65:in `call'
[c7000a72-32c3-4e25-b296-988b62baba99] /home/nyanhacker/.bundle/ruby/2.5.0/rails-daa325b7b77d/actionpack/lib/action_dispatch/middleware/show_exceptions.rb:33:in `call'
[c7000a72-32c3-4e25-b296-988b62baba99] /home/nyanhacker/.bundle/ruby/2.5.0/rails-daa325b7b77d/railties/lib/rails/rack/logger.rb:38:in `call_app'
[c7000a72-32c3-4e25-b296-988b62baba99] /home/nyanhacker/.bundle/ruby/2.5.0/rails-daa325b7b77d/railties/lib/rails/rack/logger.rb:26:in `block in call'
[c7000a72-32c3-4e25-b296-988b62baba99] /home/nyanhacker/.bundle/ruby/2.5.0/rails-daa325b7b77d/activesupport/lib/active_support/tagged_logging.rb:71:in `block in tagged'
[c7000a72-32c3-4e25-b296-988b62baba99] /home/nyanhacker/.bundle/ruby/2.5.0/rails-daa325b7b77d/activesupport/lib/active_support/tagged_logging.rb:28:in `tagged'
[c7000a72-32c3-4e25-b296-988b62baba99] /home/nyanhacker/.bundle/ruby/2.5.0/rails-daa325b7b77d/activesupport/lib/active_support/tagged_logging.rb:71:in `tagged'
[c7000a72-32c3-4e25-b296-988b62baba99] /home/nyanhacker/.bundle/ruby/2.5.0/rails-daa325b7b77d/railties/lib/rails/rack/logger.rb:26:in `call'
[c7000a72-32c3-4e25-b296-988b62baba99] /home/nyanhacker/.bundle/ruby/2.5.0/rails-daa325b7b77d/actionpack/lib/action_dispatch/middleware/remote_ip.rb:81:in `call'
[c7000a72-32c3-4e25-b296-988b62baba99] /home/nyanhacker/.bundle/ruby/2.5.0/rails-daa325b7b77d/actionpack/lib/action_dispatch/middleware/request_id.rb:27:in `call'
[c7000a72-32c3-4e25-b296-988b62baba99] rack (2.0.5) lib/rack/method_override.rb:22:in `call'
[c7000a72-32c3-4e25-b296-988b62baba99] rack (2.0.5) lib/rack/runtime.rb:22:in `call'
[c7000a72-32c3-4e25-b296-988b62baba99] /home/nyanhacker/.bundle/ruby/2.5.0/rails-daa325b7b77d/activesupport/lib/active_support/cache/strategy/local_cache_middleware.rb:29:in `call'
[c7000a72-32c3-4e25-b296-988b62baba99] /home/nyanhacker/.bundle/ruby/2.5.0/rails-daa325b7b77d/actionpack/lib/action_dispatch/middleware/executor.rb:14:in `call'
[c7000a72-32c3-4e25-b296-988b62baba99] rack (2.0.5) lib/rack/sendfile.rb:111:in `call'
[c7000a72-32c3-4e25-b296-988b62baba99] /home/nyanhacker/.bundle/ruby/2.5.0/rails-daa325b7b77d/railties/lib/rails/engine.rb:524:in `call'
[c7000a72-32c3-4e25-b296-988b62baba99] puma (3.12.0) lib/puma/configuration.rb:225:in `call'
[c7000a72-32c3-4e25-b296-988b62baba99] puma (3.12.0) lib/puma/server.rb:658:in `handle_request'
[c7000a72-32c3-4e25-b296-988b62baba99] puma (3.12.0) lib/puma/server.rb:472:in `process_client'
[c7000a72-32c3-4e25-b296-988b62baba99] puma (3.12.0) lib/puma/server.rb:332:in `block in run'
[c7000a72-32c3-4e25-b296-988b62baba99] puma (3.12.0) lib/puma/thread_pool.rb:133:in `block in spawn_thread'
